=== Run information ===

Scheme:       weka.clusterers.SimpleKMeans -init 0 -max-candidates 100 -periodic-pruning 10000 -min-density 2.0 -t1 -1.25 -t2 -1.0 -N 4 -A "weka.core.EuclideanDistance -R first-last" -I 500 -num-slots 1 -S 10
Relation:     a9-clustering-weka.filters.unsupervised.attribute.Normalize-S100.0-T0.0-weka.filters.unsupervised.attribute.Normalize-S50.0-T0.0
Instances:    452
Attributes:   2
              A1
              A2
Test mode:    evaluate on training data


=== Clustering model (full training set) ===


kMeans
======

Number of iterations: 11
Within cluster sum of squared errors: 9.078933639372583

Initial starting points (random):

Cluster 0: 0.67368,28.1
Cluster 1: 10.786559,15.6
Cluster 2: 47.108949,12.8
Cluster 3: 40.090279,12.3

Missing values globally replaced with mean/mode

Final cluster centroids:
                         Cluster#
Attribute    Full Data          0          1          2          3
               (452.0)     (84.0)    (287.0)     (32.0)     (49.0)
==================================================================
A1              7.1008     2.3787     1.7409    42.2764    23.6178
A2             23.7504    38.3179    21.1683    13.5812    20.5429




Time taken to build model (full training data) : 0.01 seconds

=== Model and evaluation on training set ===

Clustered Instances

0       84 ( 19%)
1      287 ( 63%)
2       32 (  7%)
3       49 ( 11%)


