=== Run information ===

Scheme:       weka.classifiers.functions.MultilayerPerceptron -L 0.3 -M 0.2 -N 500 -V 0 -S 0 -E 20 -H a
Relation:     german-bank
Instances:    1000
Attributes:   21
              checking
              checking_duration
              cr_history
              purpose
              cr_amount
              savings
              emp_status
              install_rate
              marital_status
              debtor
              residence
              property
              age
              other_install
              housing
              existing_cr
              job
              people
              tel
              foreign
              class
Test mode:    10-fold cross-validation

=== Classifier model (full training set) ===

Sigmoid Node 0
    Inputs    Weights
    Threshold    -6.00176929421082
    Node 2    4.910528418721105
    Node 3    -5.599252129865483
    Node 4    -6.464482761534559
    Node 5    -2.7818631494893773
    Node 6    5.8408510407795
    Node 7    6.467503592378203
    Node 8    2.169356054823952
    Node 9    2.6898080748428206
    Node 10    3.6681200485763252
    Node 11    6.490174755639396
    Node 12    4.849458838805355
    Node 13    1.5557325614385524
    Node 14    4.214210542985339
    Node 15    2.349177690064528
    Node 16    3.781330094788652
    Node 17    -0.6017976481395825
    Node 18    5.701971076850114
    Node 19    -0.06905247729020848
    Node 20    4.164509244550903
    Node 21    4.063077222574973
    Node 22    4.609616911811561
    Node 23    -4.556385242163755
    Node 24    2.0984707056602194
    Node 25    4.087225549411578
    Node 26    2.775635141554695
    Node 27    2.918850913890232
    Node 28    -3.403923926719365
    Node 29    3.316549332366194
    Node 30    6.402811028066812
    Node 31    4.783042140431796
Sigmoid Node 1
    Inputs    Weights
    Threshold    6.004861242691823
    Node 2    -4.911650757126439
    Node 3    5.599199764251188
    Node 4    6.464915658418709
    Node 5    2.782669072011266
    Node 6    -5.840197782601817
    Node 7    -6.467787255142894
    Node 8    -2.1856232249688583
    Node 9    -2.6917992521140346
    Node 10    -3.6671426371243054
    Node 11    -6.492054779550862
    Node 12    -4.84990804414906
    Node 13    -1.5404863368262538
    Node 14    -4.215868105832082
    Node 15    -2.3477983199891557
    Node 16    -3.7836549042344245
    Node 17    0.5919440791648508
    Node 18    -5.70104556557358
    Node 19    0.050878830959688384
    Node 20    -4.164224802828977
    Node 21    -4.0619240564732495
    Node 22    -4.60935128676777
    Node 23    4.556027576903996
    Node 24    -2.094801124444779
    Node 25    -4.082128273691398
    Node 26    -2.7736406455916156
    Node 27    -2.918184435560316
    Node 28    3.4058207662374524
    Node 29    -3.313326831340839
    Node 30    -6.403361201504814
    Node 31    -4.781877147894195
Sigmoid Node 2
    Inputs    Weights
    Threshold    -0.48586472978788703
    Attrib checking=A11    -1.7469139080531615
    Attrib checking=A12    -0.6441701388996285
    Attrib checking=A14    4.078251435454053
    Attrib checking=A13    -0.7385550205606696
    Attrib checking_duration    -0.8773510561840214
    Attrib cr_history=A34    1.3835463066703004
    Attrib cr_history=A32    -0.19812276980206986
    Attrib cr_history=A33    2.1281879784853603
    Attrib cr_history=A30    -0.9023494892042914
    Attrib cr_history=A31    -0.9278730410765929
    Attrib purpose=A43    1.3522303076751707
    Attrib purpose=A46    -2.77266261585097
    Attrib purpose=A42    0.5984513550666885
    Attrib purpose=A40    1.373081443784479
    Attrib purpose=A41    1.094818074378716
    Attrib purpose=A49    -1.2483600133646262
    Attrib purpose=A44    0.6953651609905893
    Attrib purpose=A45    1.9245965139375187
    Attrib purpose=A410    0.7613196084711403
    Attrib purpose=A48    0.2541066616342197
    Attrib cr_amount    -0.19642917270086524
    Attrib savings=A65    0.879242371637506
    Attrib savings=A61    -1.5672726062748177
    Attrib savings=A63    0.5016720892316905
    Attrib savings=A64    1.1865423211940005
    Attrib savings=A62    0.5571253157911563
    Attrib emp_status=A75    5.061617866773632
    Attrib emp_status=A73    -0.9131732375113253
    Attrib emp_status=A74    2.0143632445646023
    Attrib emp_status=A71    -0.9379622874997231
    Attrib emp_status=A72    -3.7341306534822722
    Attrib install_rate    -2.6266183690551452
    Attrib marital_status=A93    -1.0160038072251107
    Attrib marital_status=A92    1.4730077179951713
    Attrib marital_status=A91    -0.6206550799953254
    Attrib marital_status=A94    1.0742862549259582
    Attrib debtor=A101    6.527232751857955E-4
    Attrib debtor=A103    0.9552939928662649
    Attrib debtor=A102    -0.4820968681057401
    Attrib residence    0.6275824645001137
    Attrib property=A121    1.0301542553679988
    Attrib property=A122    0.021018893639163802
    Attrib property=A124    0.08914704570598377
    Attrib property=A123    -0.050371841021561045
    Attrib age    0.49714494257294384
    Attrib other_install=A143    2.974950652153203
    Attrib other_install=A141    -2.2597440309690855
    Attrib other_install=A142    -0.2404734640126825
    Attrib housing=A152    -0.5777864042149656
    Attrib housing=A153    -0.0635414324018294
    Attrib housing=A151    1.1915510737626211
    Attrib existing_cr    -3.155473335114617
    Attrib job=A173    -0.29896339403104044
    Attrib job=A172    1.9023793962808815
    Attrib job=A174    -1.2979273644476346
    Attrib job=A171    0.5670739203882469
    Attrib people    0.7595623464713339
    Attrib tel=A191    0.9799245720729639
    Attrib foreign=A202    0.048036065278632405
Sigmoid Node 3
    Inputs    Weights
    Threshold    -0.12630363335069428
    Attrib checking=A11    2.4789715854510233
    Attrib checking=A12    0.35496088136749
    Attrib checking=A14    1.1088344608668856
    Attrib checking=A13    -3.750217626189266
    Attrib checking_duration    7.254197825268407
    Attrib cr_history=A34    -3.07453761964905
    Attrib cr_history=A32    0.7155639858248778
    Attrib cr_history=A33    1.248737583923519
    Attrib cr_history=A30    0.15262336628178785
    Attrib cr_history=A31    1.2227987813635923
    Attrib purpose=A43    0.015128349330993242
    Attrib purpose=A46    -0.7209750110534279
    Attrib purpose=A42    -2.659095309441589
    Attrib purpose=A40    4.551025959625321
    Attrib purpose=A41    -0.5697791300122965
    Attrib purpose=A49    -0.9747290178736512
    Attrib purpose=A44    -0.4438452894142127
    Attrib purpose=A45    1.044955851800932
    Attrib purpose=A410    1.0031552166259317
    Attrib purpose=A48    -0.5239680942183856
    Attrib cr_amount    4.115620838950422
    Attrib savings=A65    -0.829877059057605
    Attrib savings=A61    2.2899999777434568
    Attrib savings=A63    -2.65859841552518
    Attrib savings=A64    -0.8208768178493845
    Attrib savings=A62    2.2690740196081527
    Attrib emp_status=A75    0.13710444991723808
    Attrib emp_status=A73    -2.1050732385586364
    Attrib emp_status=A74    -1.0413950508487735
    Attrib emp_status=A71    2.8962406456897
    Attrib emp_status=A72    0.4806979950650858
    Attrib install_rate    2.1978080351345146
    Attrib marital_status=A93    -1.633945158352295
    Attrib marital_status=A92    -0.6812373172017149
    Attrib marital_status=A91    1.8291965355278452
    Attrib marital_status=A94    0.6547161862703411
    Attrib debtor=A101    -0.1269108692765645
    Attrib debtor=A103    -1.0412066841077308
    Attrib debtor=A102    1.2435039273143171
    Attrib residence    1.742175188882018
    Attrib property=A121    -1.4295891210015912
    Attrib property=A122    0.634226566585441
    Attrib property=A124    2.0709819524944586
    Attrib property=A123    -0.989721876614584
    Attrib age    1.301052609153626
    Attrib other_install=A143    1.1643605503688228
    Attrib other_install=A141    -0.19142319753482784
    Attrib other_install=A142    -0.925515142139041
    Attrib housing=A152    0.7150521905542757
    Attrib housing=A153    -0.8764521547710107
    Attrib housing=A151    0.2289015568260463
    Attrib existing_cr    -1.6928101685239665
    Attrib job=A173    0.9471543470500443
    Attrib job=A172    -0.5802051904401638
    Attrib job=A174    0.03220408062217051
    Attrib job=A171    -0.2199823425215965
    Attrib people    2.4801192991488374
    Attrib tel=A191    -3.116689636582662
    Attrib foreign=A202    -2.437136853702253
Sigmoid Node 4
    Inputs    Weights
    Threshold    -0.493336966258813
    Attrib checking=A11    0.5838164595145121
    Attrib checking=A12    0.5168427609731034
    Attrib checking=A14    -0.5053147385799123
    Attrib checking=A13    0.3634059522496951
    Attrib checking_duration    1.2003955758068414
    Attrib cr_history=A34    0.8366684588878356
    Attrib cr_history=A32    -0.6767370997505474
    Attrib cr_history=A33    0.9777942213449201
    Attrib cr_history=A30    0.6426417357471611
    Attrib cr_history=A31    -0.3050214967693493
    Attrib purpose=A43    0.7016778443656165
    Attrib purpose=A46    0.7769424786870396
    Attrib purpose=A42    -0.35636302926561136
    Attrib purpose=A40    2.178205359443623
    Attrib purpose=A41    0.3516034631336332
    Attrib purpose=A49    -0.6115009987010833
    Attrib purpose=A44    0.17325442703574204
    Attrib purpose=A45    1.384132013918642
    Attrib purpose=A410    0.16732091734036914
    Attrib purpose=A48    -0.8769763097835607
    Attrib cr_amount    0.19296016131577098
    Attrib savings=A65    -1.232468017554196
    Attrib savings=A61    0.20167780302848518
    Attrib savings=A63    1.9387818278475941
    Attrib savings=A64    0.6285110779244387
    Attrib savings=A62    -0.038905199983877585
    Attrib emp_status=A75    -0.32081807208138
    Attrib emp_status=A73    -0.4612718916893358
    Attrib emp_status=A74    0.8837762068092764
    Attrib emp_status=A71    0.1575578078062585
    Attrib emp_status=A72    1.1958997917465655
    Attrib install_rate    4.023962114251908
    Attrib marital_status=A93    -0.8839384446625265
    Attrib marital_status=A92    2.153261765364397
    Attrib marital_status=A91    0.37641093535235987
    Attrib marital_status=A94    -0.6373350755824255
    Attrib debtor=A101    0.7856141670387152
    Attrib debtor=A103    -0.11975995555464863
    Attrib debtor=A102    -0.0579847755533062
    Attrib residence    0.7913684484165857
    Attrib property=A121    -2.447619532337417
    Attrib property=A122    -0.710737500902315
    Attrib property=A124    1.6482994639648116
    Attrib property=A123    2.642185258181483
    Attrib age    0.8376209245910572
    Attrib other_install=A143    -0.9895621932715378
    Attrib other_install=A141    1.490968788036235
    Attrib other_install=A142    -0.10273110062583789
    Attrib housing=A152    -0.9715389155569183
    Attrib housing=A153    1.1864918893229077
    Attrib housing=A151    0.35040443357389317
    Attrib existing_cr    0.6490253805165691
    Attrib job=A173    -0.3535636570386305
    Attrib job=A172    3.068491097791344
    Attrib job=A174    -1.6835321752479482
    Attrib job=A171    -0.12056563110463722
    Attrib people    3.1279059059085608
    Attrib tel=A191    2.120644787273869
    Attrib foreign=A202    -0.8447363773367343
Sigmoid Node 5
    Inputs    Weights
    Threshold    -0.05520367002804307
    Attrib checking=A11    -1.1500353752196228
    Attrib checking=A12    -0.06722227309297193
    Attrib checking=A14    0.9508575207252075
    Attrib checking=A13    0.5114057341448098
    Attrib checking_duration    0.09316848160775469
    Attrib cr_history=A34    -0.34580518759778717
    Attrib cr_history=A32    -0.8579063289317898
    Attrib cr_history=A33    1.0885183383635244
    Attrib cr_history=A30    0.5219908941250015
    Attrib cr_history=A31    -0.053546962541616144
    Attrib purpose=A43    -1.4015465657312958
    Attrib purpose=A46    0.3176485587851445
    Attrib purpose=A42    1.7016139522377909
    Attrib purpose=A40    0.1524761481000526
    Attrib purpose=A41    -0.22015625237588124
    Attrib purpose=A49    0.6738591098063437
    Attrib purpose=A44    0.03955469046503905
    Attrib purpose=A45    -0.1281202096161272
    Attrib purpose=A410    -0.2697756172604129
    Attrib purpose=A48    -0.09697133666620078
    Attrib cr_amount    0.710105912107
    Attrib savings=A65    -0.5001475214313842
    Attrib savings=A61    0.5487431829295445
    Attrib savings=A63    0.1570065326464274
    Attrib savings=A64    0.16756909063798645
    Attrib savings=A62    -0.007935642928393308
    Attrib emp_status=A75    0.37954148609233596
    Attrib emp_status=A73    -0.6068236726937517
    Attrib emp_status=A74    -0.007960942112057409
    Attrib emp_status=A71    0.22589515761689907
    Attrib emp_status=A72    0.31249928394779913
    Attrib install_rate    0.38358245660497275
    Attrib marital_status=A93    0.09110800736621122
    Attrib marital_status=A92    -0.28874822587719184
    Attrib marital_status=A91    0.3533465859068862
    Attrib marital_status=A94    -0.005092915702632938
    Attrib debtor=A101    -0.18178629592572226
    Attrib debtor=A103    0.024701125023328687
    Attrib debtor=A102    0.22715989273210832
    Attrib residence    -0.5167056197346525
    Attrib property=A121    0.699403154922521
    Attrib property=A122    -0.2139258793792268
    Attrib property=A124    -0.8236671399927283
    Attrib property=A123    0.5087648169680083
    Attrib age    0.005910845568173972
    Attrib other_install=A143    0.4560316452528456
    Attrib other_install=A141    -0.18764096119029575
    Attrib other_install=A142    -0.15798631446733288
    Attrib housing=A152    -0.5400085882961789
    Attrib housing=A153    -0.16077632894757904
    Attrib housing=A151    0.8454894551774739
    Attrib existing_cr    -0.141191245648926
    Attrib job=A173    -1.019382835839185
    Attrib job=A172    -0.13744925018570892
    Attrib job=A174    1.1719316251791887
    Attrib job=A171    0.15441982456255224
    Attrib people    0.3455173420638434
    Attrib tel=A191    -0.6771282201789955
    Attrib foreign=A202    0.30876127209868903
Sigmoid Node 6
    Inputs    Weights
    Threshold    -0.8007629657170501
    Attrib checking=A11    -3.1137656629307573
    Attrib checking=A12    1.6443109925267743
    Attrib checking=A14    1.4430010061807927
    Attrib checking=A13    1.5929439616157328
    Attrib checking_duration    -0.9790424253090191
    Attrib cr_history=A34    -0.4983356712276303
    Attrib cr_history=A32    -0.2866981901447998
    Attrib cr_history=A33    0.19370787629521016
    Attrib cr_history=A30    2.374067813717297
    Attrib cr_history=A31    0.6447940743540391
    Attrib purpose=A43    -0.22260723060737292
    Attrib purpose=A46    0.3470800741627239
    Attrib purpose=A42    -1.2174473957803043
    Attrib purpose=A40    0.7469874010052344
    Attrib purpose=A41    2.428320912272297
    Attrib purpose=A49    0.7997502613566341
    Attrib purpose=A44    1.2713642718039968
    Attrib purpose=A45    0.043188137249341695
    Attrib purpose=A410    0.7631562645830687
    Attrib purpose=A48    1.0997544510831332
    Attrib cr_amount    -1.357928544048572
    Attrib savings=A65    0.8289684651811335
    Attrib savings=A61    -3.1821899206009676
    Attrib savings=A63    2.5083099573765573
    Attrib savings=A64    0.30089027307998195
    Attrib savings=A62    1.8722737751824754
    Attrib emp_status=A75    1.4379169024151721
    Attrib emp_status=A73    -1.1131963149179331
    Attrib emp_status=A74    3.186855296922493
    Attrib emp_status=A71    0.3236067361371166
    Attrib emp_status=A72    -1.3930841445114506
    Attrib install_rate    -0.7491687745265175
    Attrib marital_status=A93    1.8661077484450228
    Attrib marital_status=A92    0.9937595824864008
    Attrib marital_status=A91    -0.13774631858686437
    Attrib marital_status=A94    -1.131286333254232
    Attrib debtor=A101    0.7166546188307624
    Attrib debtor=A103    0.4744367086956879
    Attrib debtor=A102    -0.44929372645612253
    Attrib residence    -1.6201454016736452
    Attrib property=A121    -0.9772495032107285
    Attrib property=A122    -0.03140622611858261
    Attrib property=A124    -0.3904341979153645
    Attrib property=A123    2.9883980710148084
    Attrib age    -0.17794795953660347
    Attrib other_install=A143    1.7494203412656106
    Attrib other_install=A141    -0.7603876653368998
    Attrib other_install=A142    -0.15747580451453966
    Attrib housing=A152    1.2078529835581895
    Attrib housing=A153    -0.6500385031669306
    Attrib housing=A151    0.3205988499639479
    Attrib existing_cr    -0.39005786712114127
    Attrib job=A173    1.9895890008961588
    Attrib job=A172    -1.0163815996544623
    Attrib job=A174    0.19614992915013282
    Attrib job=A171    0.3608420854424584
    Attrib people    -2.4414948866542994
    Attrib tel=A191    0.7894885415045348
    Attrib foreign=A202    0.18934447056643808
Sigmoid Node 7
    Inputs    Weights
    Threshold    -0.6668628918612324
    Attrib checking=A11    0.010465670466818974
    Attrib checking=A12    -0.7576673233499185
    Attrib checking=A14    1.7853650012674422
    Attrib checking=A13    0.45731023266998017
    Attrib checking_duration    -1.601400480263969
    Attrib cr_history=A34    -0.6966218046997005
    Attrib cr_history=A32    0.09401711139594862
    Attrib cr_history=A33    1.686990448293907
    Attrib cr_history=A30    -0.7117360576818244
    Attrib cr_history=A31    1.7359535467505667
    Attrib purpose=A43    2.4283870690582368
    Attrib purpose=A46    0.07149913853312283
    Attrib purpose=A42    -2.105778053678657
    Attrib purpose=A40    1.2943848052387061
    Attrib purpose=A41    1.0196155743888455
    Attrib purpose=A49    0.8413407213174338
    Attrib purpose=A44    0.3901658247823106
    Attrib purpose=A45    -0.2854406401981988
    Attrib purpose=A410    0.7201947129751743
    Attrib purpose=A48    1.2443553781948757
    Attrib cr_amount    -0.17853855935060667
    Attrib savings=A65    0.057563654719816885
    Attrib savings=A61    0.42780148120481126
    Attrib savings=A63    0.4541178096702085
    Attrib savings=A64    0.9645163466482489
    Attrib savings=A62    0.22129706921963913
    Attrib emp_status=A75    2.495417599464223
    Attrib emp_status=A73    -0.18139655520457262
    Attrib emp_status=A74    1.5054006741321637
    Attrib emp_status=A71    -0.07620257382983753
    Attrib emp_status=A72    -1.7415421640707087
    Attrib install_rate    -2.068384586253716
    Attrib marital_status=A93    -0.6676138798108864
    Attrib marital_status=A92    3.423603038222117
    Attrib marital_status=A91    -1.8901355023960646
    Attrib marital_status=A94    0.5005662762671818
    Attrib debtor=A101    0.7603010129249055
    Attrib debtor=A103    0.6185245893025192
    Attrib debtor=A102    -0.6774716033032409
    Attrib residence    0.038360807166552206
    Attrib property=A121    -1.0041486814418328
    Attrib property=A122    -0.20933745529934117
    Attrib property=A124    -0.36889815040527474
    Attrib property=A123    2.9537955008346426
    Attrib age    3.3837497577598814
    Attrib other_install=A143    -0.5815796216368859
    Attrib other_install=A141    0.546797261884003
    Attrib other_install=A142    0.6683091688112692
    Attrib housing=A152    0.3797859976410796
    Attrib housing=A153    0.1164374841474427
    Attrib housing=A151    0.18124864908481203
    Attrib existing_cr    -0.27908501965769206
    Attrib job=A173    2.2283942029125043
    Attrib job=A172    -0.7109201267079888
    Attrib job=A174    -0.9548348225945595
    Attrib job=A171    0.7891882557648471
    Attrib people    -2.074918892561614
    Attrib tel=A191    1.2410363641016924
    Attrib foreign=A202    0.2097925358695632
Sigmoid Node 8
    Inputs    Weights
    Threshold    -0.21224523876747245
    Attrib checking=A11    0.7746756738233314
    Attrib checking=A12    0.05886276389519737
    Attrib checking=A14    -0.4863924273797668
    Attrib checking=A13    -0.09787995810395166
    Attrib checking_duration    0.6689970220187199
    Attrib cr_history=A34    0.7708681995961907
    Attrib cr_history=A32    -0.19688485671267048
    Attrib cr_history=A33    0.329254043449108
    Attrib cr_history=A30    -0.06821465113497066
    Attrib cr_history=A31    -0.21840027249503166
    Attrib purpose=A43    -0.6135996614884879
    Attrib purpose=A46    0.5733005347706013
    Attrib purpose=A42    0.5344420372518421
    Attrib purpose=A40    -0.5871110804106296
    Attrib purpose=A41    0.8224596966546311
    Attrib purpose=A49    -0.09181581646825927
    Attrib purpose=A44    0.25197831307992424
    Attrib purpose=A45    0.24221237167742593
    Attrib purpose=A410    0.03642243506421702
    Attrib purpose=A48    0.2907392395708412
    Attrib cr_amount    -0.12321584132318476
    Attrib savings=A65    0.45325093175549525
    Attrib savings=A61    0.021298933728593476
    Attrib savings=A63    0.03761989764201924
    Attrib savings=A64    0.09439051795638212
    Attrib savings=A62    0.010541355964742937
    Attrib emp_status=A75    -0.4768153015867395
    Attrib emp_status=A73    -0.27761491491686474
    Attrib emp_status=A74    0.26038006855721985
    Attrib emp_status=A71    1.177875785693535
    Attrib emp_status=A72    -0.19053567805513572
    Attrib install_rate    0.18540989511156386
    Attrib marital_status=A93    1.1045999462658547
    Attrib marital_status=A92    -1.0503467495667407
    Attrib marital_status=A91    0.2991041970196952
    Attrib marital_status=A94    0.06744809999701931
    Attrib debtor=A101    -0.723007340292057
    Attrib debtor=A103    0.08686264998066451
    Attrib debtor=A102    0.8228662003813633
    Attrib residence    0.3026729821184474
    Attrib property=A121    -0.18581974539005355
    Attrib property=A122    0.34747334063247726
    Attrib property=A124    0.40198815503875573
    Attrib property=A123    -0.22765316889380222
    Attrib age    0.2585625179582009
    Attrib other_install=A143    -0.6715818684554651
    Attrib other_install=A141    0.7497341424403996
    Attrib other_install=A142    0.0778296545518682
    Attrib housing=A152    -0.23095208616434537
    Attrib housing=A153    1.030504554950104
    Attrib housing=A151    -0.6679539612928059
    Attrib existing_cr    0.595780314660421
    Attrib job=A173    -0.7643775898041064
    Attrib job=A172    -0.18612796643461238
    Attrib job=A174    0.9121620113418718
    Attrib job=A171    0.3633693314531976
    Attrib people    0.0603230599324835
    Attrib tel=A191    -0.4166011170927257
    Attrib foreign=A202    0.4304219429046367
Sigmoid Node 9
    Inputs    Weights
    Threshold    -0.07208582786434357
    Attrib checking=A11    0.5080051336160882
    Attrib checking=A12    0.6507715591469867
    Attrib checking=A14    -1.657429401670841
    Attrib checking=A13    0.6000447149361949
    Attrib checking_duration    0.6163961025773755
    Attrib cr_history=A34    1.1087545613592493
    Attrib cr_history=A32    -0.8763356292339717
    Attrib cr_history=A33    -0.25751248243094754
    Attrib cr_history=A30    0.15290509229087892
    Attrib cr_history=A31    -0.06740598315477031
    Attrib purpose=A43    -1.0496187015782514
    Attrib purpose=A46    -0.3244755154515131
    Attrib purpose=A42    -0.7283441799273973
    Attrib purpose=A40    -0.8355910246599015
    Attrib purpose=A41    0.5196005267903017
    Attrib purpose=A49    1.1102065574688238
    Attrib purpose=A44    0.6567577663718461
    Attrib purpose=A45    0.005627043870028422
    Attrib purpose=A410    0.15170435697235815
    Attrib purpose=A48    0.581867112327266
    Attrib cr_amount    -0.1594257280470316
    Attrib savings=A65    1.3889012705322727
    Attrib savings=A61    -1.436844307635909
    Attrib savings=A63    -0.22868358015338128
    Attrib savings=A64    -0.3340692459387443
    Attrib savings=A62    0.661194241882322
    Attrib emp_status=A75    -0.5024851670082546
    Attrib emp_status=A73    -1.215576971275336
    Attrib emp_status=A74    0.48204641086243416
    Attrib emp_status=A71    0.2784599894926486
    Attrib emp_status=A72    0.9772512388770029
    Attrib install_rate    0.18892753057291514
    Attrib marital_status=A93    0.42388533659293176
    Attrib marital_status=A92    -1.3509362890340786
    Attrib marital_status=A91    0.6840447107753064
    Attrib marital_status=A94    0.28862664324547127
    Attrib debtor=A101    -0.24968052191571863
    Attrib debtor=A103    -0.7427024548746469
    Attrib debtor=A102    1.1020940934371943
    Attrib residence    -0.04968506304340143
    Attrib property=A121    -0.17664406427712342
    Attrib property=A122    0.16716693982617659
    Attrib property=A124    -0.12792511572948798
    Attrib property=A123    0.1128060912027288
    Attrib age    0.3490123099248444
    Attrib other_install=A143    -0.9587085407881507
    Attrib other_install=A141    1.1558090395741163
    Attrib other_install=A142    -0.2110203005092029
    Attrib housing=A152    0.5271668858972864
    Attrib housing=A153    0.33849064072949947
    Attrib housing=A151    -0.7775184703309769
    Attrib existing_cr    0.4784400381590497
    Attrib job=A173    -0.6352773064626624
    Attrib job=A172    -0.1549206474385975
    Attrib job=A174    0.3413605288455847
    Attrib job=A171    0.5574012695202634
    Attrib people    0.4010726986000706
    Attrib tel=A191    0.10651857436721955
    Attrib foreign=A202    0.39347320983656914
Sigmoid Node 10
    Inputs    Weights
    Threshold    -0.2102833376385167
    Attrib checking=A11    0.89534902626171
    Attrib checking=A12    -0.26871380915321275
    Attrib checking=A14    -0.6002625843133559
    Attrib checking=A13    0.534704780682443
    Attrib checking_duration    -1.3741971022765236
    Attrib cr_history=A34    1.5147582861571098
    Attrib cr_history=A32    0.5222849175376705
    Attrib cr_history=A33    -1.0396032599193363
    Attrib cr_history=A30    -0.1144357845407708
    Attrib cr_history=A31    -0.1436852434913335
    Attrib purpose=A43    -1.7084995168182213
    Attrib purpose=A46    -0.3773001636451554
    Attrib purpose=A42    0.6948562370906731
    Attrib purpose=A40    0.7382713086908971
    Attrib purpose=A41    1.6401569925026267
    Attrib purpose=A49    0.799694869290614
    Attrib purpose=A44    -0.5840900865708891
    Attrib purpose=A45    0.20684440338224572
    Attrib purpose=A410    -0.008834260697237983
    Attrib purpose=A48    0.30230115566637455
    Attrib cr_amount    -1.9606259505141121
    Attrib savings=A65    -0.677390105142873
    Attrib savings=A61    -1.3220209215932746
    Attrib savings=A63    0.11562359082786114
    Attrib savings=A64    1.601522285723901
    Attrib savings=A62    1.0149579506317468
    Attrib emp_status=A75    -0.25086481215542666
    Attrib emp_status=A73    0.40041478585279167
    Attrib emp_status=A74    1.8110394042838367
    Attrib emp_status=A71    -0.6049538773369944
    Attrib emp_status=A72    -0.6511063079024328
    Attrib install_rate    1.9883166715692289
    Attrib marital_status=A93    -0.1774367913380903
    Attrib marital_status=A92    0.20950721215234147
    Attrib marital_status=A91    0.17815365158719895
    Attrib marital_status=A94    0.17124147123658828
    Attrib debtor=A101    -0.24138859000505652
    Attrib debtor=A103    0.9656464197485813
    Attrib debtor=A102    -0.5281624193819787
    Attrib residence    0.6396566721678453
    Attrib property=A121    -0.11677300188514181
    Attrib property=A122    0.744593491778388
    Attrib property=A124    -0.40411287571639676
    Attrib property=A123    0.23162598998940478
    Attrib age    0.8435919857096673
    Attrib other_install=A143    -0.4034087144928469
    Attrib other_install=A141    0.919349397950117
    Attrib other_install=A142    -0.24077274199436322
    Attrib housing=A152    1.1770840074836142
    Attrib housing=A153    -0.5129273354193009
    Attrib housing=A151    -0.49147344998910025
    Attrib existing_cr    1.5465490198414578
    Attrib job=A173    0.06943611216334597
    Attrib job=A172    -0.041155606104963334
    Attrib job=A174    0.12026640832202203
    Attrib job=A171    0.2528156536584503
    Attrib people    1.9913143733245307
    Attrib tel=A191    -2.6189673546596715
    Attrib foreign=A202    1.071074153098896
Sigmoid Node 11
    Inputs    Weights
    Threshold    -1.1013170143863131
    Attrib checking=A11    -0.26468216715239135
    Attrib checking=A12    0.02342864348760788
    Attrib checking=A14    2.6486384077582135
    Attrib checking=A13    -0.359518106110899
    Attrib checking_duration    -0.12080403434294631
    Attrib cr_history=A34    2.169944463382408
    Attrib cr_history=A32    -0.47177977135500426
    Attrib cr_history=A33    1.38403100795709
    Attrib cr_history=A30    0.9874719641461414
    Attrib cr_history=A31    -0.8001178449400407
    Attrib purpose=A43    0.45965672921513806
    Attrib purpose=A46    0.5795418989690359
    Attrib purpose=A42    -1.4328917926003883
    Attrib purpose=A40    4.715343510384504
    Attrib purpose=A41    2.428974492250012
    Attrib purpose=A49    -1.8028665139902715
    Attrib purpose=A44    0.7838870076033491
    Attrib purpose=A45    0.38873224609402246
    Attrib purpose=A410    0.8440807727563402
    Attrib purpose=A48    1.4422185724051255
    Attrib cr_amount    -0.9226409518774377
    Attrib savings=A65    0.27722196289280204
    Attrib savings=A61    2.350226231890744
    Attrib savings=A63    0.6697201800289572
    Attrib savings=A64    0.8881859714213636
    Attrib savings=A62    -0.9136683573601261
    Attrib emp_status=A75    0.2937829838897666
    Attrib emp_status=A73    1.5951566690895087
    Attrib emp_status=A74    -1.9469439429335198
    Attrib emp_status=A71    1.2121577420851017
    Attrib emp_status=A72    2.0008362495051593
    Attrib install_rate    -5.119632785993696
    Attrib marital_status=A93    1.6179549403450528
    Attrib marital_status=A92    0.6949356473612087
    Attrib marital_status=A91    -1.056527443001388
    Attrib marital_status=A94    0.839467365133834
    Attrib debtor=A101    0.8064838647205064
    Attrib debtor=A103    1.5578706909485258
    Attrib debtor=A102    -1.347301174919452
    Attrib residence    1.001389758471467
    Attrib property=A121    -0.17592188562530184
    Attrib property=A122    -1.3740061738248235
    Attrib property=A124    1.9836587425274153
    Attrib property=A123    1.7415730098544802
    Attrib age    3.8963888910934954
    Attrib other_install=A143    3.833801643050727
    Attrib other_install=A141    -2.4165787138721284
    Attrib other_install=A142    -0.40319852660612826
    Attrib housing=A152    1.7354565666994235
    Attrib housing=A153    -0.5803067962080901
    Attrib housing=A151    -0.13237402556009428
    Attrib existing_cr    -0.9918856761397382
    Attrib job=A173    2.0872920014226195
    Attrib job=A172    0.9699357885137263
    Attrib job=A174    -1.3626826973112935
    Attrib job=A171    0.3788906932365845
    Attrib people    0.9638115371686413
    Attrib tel=A191    -0.8517787601820999
    Attrib foreign=A202    0.2544102606121412
Sigmoid Node 12
    Inputs    Weights
    Threshold    -0.5238501496847009
    Attrib checking=A11    -0.23424855796589492
    Attrib checking=A12    2.918632611772351
    Attrib checking=A14    -1.5606348245516384
    Attrib checking=A13    -0.10555845689343882
    Attrib checking_duration    -0.5392978528616448
    Attrib cr_history=A34    0.571616734258302
    Attrib cr_history=A32    0.7370514061562522
    Attrib cr_history=A33    0.25484842031785704
    Attrib cr_history=A30    -0.4625548406621465
    Attrib cr_history=A31    0.3705377182342456
    Attrib purpose=A43    -0.7582973233361765
    Attrib purpose=A46    2.4777640398805785
    Attrib purpose=A42    -1.2391523854824151
    Attrib purpose=A40    -1.0335096720998767
    Attrib purpose=A41    0.7708340893799313
    Attrib purpose=A49    2.393697133281251
    Attrib purpose=A44    1.0587025827919734
    Attrib purpose=A45    -0.023140544180622623
    Attrib purpose=A410    0.5397673813947326
    Attrib purpose=A48    0.014057184019838102
    Attrib cr_amount    -1.4297533563859897
    Attrib savings=A65    1.6002964343935036
    Attrib savings=A61    0.6578803490742935
    Attrib savings=A63    -0.5785752760960196
    Attrib savings=A64    -0.03419912645336411
    Attrib savings=A62    -0.1522631640752708
    Attrib emp_status=A75    -1.6126278217908634
    Attrib emp_status=A73    -0.32585157730804026
    Attrib emp_status=A74    1.9666086182147668
    Attrib emp_status=A71    0.012006634474331814
    Attrib emp_status=A72    1.5272163755817127
    Attrib install_rate    2.0079401383776525
    Attrib marital_status=A93    1.4613833604160908
    Attrib marital_status=A92    -0.2881974744174838
    Attrib marital_status=A91    -1.2275207856702934
    Attrib marital_status=A94    1.0209781971862293
    Attrib debtor=A101    0.5943590130102924
    Attrib debtor=A103    -0.6089523982417051
    Attrib debtor=A102    0.5713438079709363
    Attrib residence    -1.0419685725953747
    Attrib property=A121    -0.46401610674147403
    Attrib property=A122    1.6845161978757435
    Attrib property=A124    -0.3406868611680478
    Attrib property=A123    0.09388757493953542
    Attrib age    -0.18601790578669355
    Attrib other_install=A143    -0.5870369389842982
    Attrib other_install=A141    1.9463334988895042
    Attrib other_install=A142    -0.9512297170065691
    Attrib housing=A152    -0.975752977986709
    Attrib housing=A153    1.5164231320365897
    Attrib housing=A151    -0.08047184573650198
    Attrib existing_cr    -0.4192349970810358
    Attrib job=A173    0.29766996377204474
    Attrib job=A172    -0.691875115859687
    Attrib job=A174    0.4832136527141636
    Attrib job=A171    0.8730247094230812
    Attrib people    0.6073099970647685
    Attrib tel=A191    -0.6596008440560415
    Attrib foreign=A202    1.2870699441311504
Sigmoid Node 13
    Inputs    Weights
    Threshold    -0.10842998121331256
    Attrib checking=A11    0.39912359569472816
    Attrib checking=A12    0.30479322248237734
    Attrib checking=A14    -0.17711986794403015
    Attrib checking=A13    -0.2511247166310396
    Attrib checking_duration    0.35104346751282495
    Attrib cr_history=A34    0.5643781090920836
    Attrib cr_history=A32    -0.2557794637786238
    Attrib cr_history=A33    0.07617741252966563
    Attrib cr_history=A30    -0.057597077975528085
    Attrib cr_history=A31    -0.029092546265077936
    Attrib purpose=A43    -0.30799192427954036
    Attrib purpose=A46    0.04765818768301045
    Attrib purpose=A42    0.04741363187774386
    Attrib purpose=A40    -0.41890296822996725
    Attrib purpose=A41    0.3029737162426336
    Attrib purpose=A49    0.08951259005869248
    Attrib purpose=A44    0.4874387304238599
    Attrib purpose=A45    0.032267763899376946
    Attrib purpose=A410    0.17836777773185733
    Attrib purpose=A48    0.1874484388504829
    Attrib cr_amount    -0.10065885431914967
    Attrib savings=A65    0.5903976131620926
    Attrib savings=A61    -0.10202910679110183
    Attrib savings=A63    -0.04292424358552381
    Attrib savings=A64    -0.052759360618347635
    Attrib savings=A62    -0.0035755796042575964
    Attrib emp_status=A75    -0.2648751747937152
    Attrib emp_status=A73    -0.4253747336443393
    Attrib emp_status=A74    -0.4021579341256567
    Attrib emp_status=A71    0.7075829837173145
    Attrib emp_status=A72    0.6309415573634461
    Attrib install_rate    -0.2842760826985171
    Attrib marital_status=A93    0.6160978712955065
    Attrib marital_status=A92    -0.6858109977586934
    Attrib marital_status=A91    0.18809247987848485
    Attrib marital_status=A94    0.09394584198793943
    Attrib debtor=A101    -0.5011693109767096
    Attrib debtor=A103    -0.10264502328114164
    Attrib debtor=A102    0.6700101302096722
    Attrib residence    0.4878425280595672
    Attrib property=A121    -0.02355536709823932
    Attrib property=A122    -0.15497852923256997
    Attrib property=A124    0.38152581803088553
    Attrib property=A123    0.016367237238429946
    Attrib age    0.12143217544489501
    Attrib other_install=A143    -0.7095103075262267
    Attrib other_install=A141    1.020468998449445
    Attrib other_install=A142    -0.1879428540574501
    Attrib housing=A152    -0.2504484033417614
    Attrib housing=A153    0.6556140491319522
    Attrib housing=A151    -0.2910400015432103
    Attrib existing_cr    0.22726672999916264
    Attrib job=A173    -0.4056371910528025
    Attrib job=A172    -0.24494519349726546
    Attrib job=A174    0.3037154034922138
    Attrib job=A171    0.5736936159270606
    Attrib people    0.1399259537520085
    Attrib tel=A191    0.1427876583495828
    Attrib foreign=A202    0.24063459115682242
Sigmoid Node 14
    Inputs    Weights
    Threshold    -0.31956253647478144
    Attrib checking=A11    1.4119101071785811
    Attrib checking=A12    -0.18451739770615197
    Attrib checking=A14    -0.2969072760377184
    Attrib checking=A13    -0.2688213231746722
    Attrib checking_duration    0.47638904918984837
    Attrib cr_history=A34    0.47079958932427746
    Attrib cr_history=A32    1.2560623783921954
    Attrib cr_history=A33    0.831335358508119
    Attrib cr_history=A30    -0.8582509340425771
    Attrib cr_history=A31    -0.6894114545289752
    Attrib purpose=A43    1.1037350060052218
    Attrib purpose=A46    0.29775449384743174
    Attrib purpose=A42    1.3377849937597805
    Attrib purpose=A40    -0.10673390623136361
    Attrib purpose=A41    -0.0014152296270615121
    Attrib purpose=A49    -0.7742474961670642
    Attrib purpose=A44    0.0458290054301738
    Attrib purpose=A45    -0.12670557352958314
    Attrib purpose=A410    0.5683742900519417
    Attrib purpose=A48    0.260528749429557
    Attrib cr_amount    -0.2307841766816867
    Attrib savings=A65    0.8163261890653944
    Attrib savings=A61    -0.3154159877176292
    Attrib savings=A63    0.39498376052613743
    Attrib savings=A64    0.4453117419215717
    Attrib savings=A62    -0.4577635614089773
    Attrib emp_status=A75    -0.7593179068459455
    Attrib emp_status=A73    -1.880599520612103
    Attrib emp_status=A74    1.2658275092517939
    Attrib emp_status=A71    1.3509502822367299
    Attrib emp_status=A72    1.02293994791945
    Attrib install_rate    -1.6551976454964334
    Attrib marital_status=A93    0.8611762283762311
    Attrib marital_status=A92    0.44683469942919796
    Attrib marital_status=A91    -0.14430455952860957
    Attrib marital_status=A94    -0.48813237658884595
    Attrib debtor=A101    0.5580627129630915
    Attrib debtor=A103    -0.17371885421533617
    Attrib debtor=A102    0.018400245322528076
    Attrib residence    -0.8485490173654506
    Attrib property=A121    0.4834261549224281
    Attrib property=A122    -0.7379968573969009
    Attrib property=A124    0.4316121045248619
    Attrib property=A123    0.5911227465783562
    Attrib age    1.1432507749600396
    Attrib other_install=A143    0.4740741507242703
    Attrib other_install=A141    0.4778227411415948
    Attrib other_install=A142    -0.5550100712903809
    Attrib housing=A152    -1.8266476348232392
    Attrib housing=A153    0.32965550675756544
    Attrib housing=A151    1.781056184546838
    Attrib existing_cr    -0.26283242026309594
    Attrib job=A173    -1.7799668207960253
    Attrib job=A172    0.37313635957768293
    Attrib job=A174    2.3128699433714788
    Attrib job=A171    -0.270950556758545
    Attrib people    -1.1650431909862566
    Attrib tel=A191    -2.085478761947552
    Attrib foreign=A202    0.4242799086630662
Sigmoid Node 15
    Inputs    Weights
    Threshold    -0.1932660924344691
    Attrib checking=A11    -0.1019934754588103
    Attrib checking=A12    1.024969319961067
    Attrib checking=A14    -0.5233292399320773
    Attrib checking=A13    -0.12880747373372117
    Attrib checking_duration    0.5145788180935176
    Attrib cr_history=A34    -0.07379150342522522
    Attrib cr_history=A32    -0.017269333412498082
    Attrib cr_history=A33    0.10705224312750287
    Attrib cr_history=A30    0.5313734818950819
    Attrib cr_history=A31    0.019023837235085304
    Attrib purpose=A43    -0.014778162972304835
    Attrib purpose=A46    0.2819624026600381
    Attrib purpose=A42    -0.1814959799415722
    Attrib purpose=A40    -0.285644621381954
    Attrib purpose=A41    -0.28509453673148455
    Attrib purpose=A49    0.5433478360255312
    Attrib purpose=A44    0.3445155280574284
    Attrib purpose=A45    0.020873291550590492
    Attrib purpose=A410    0.19829927044940862
    Attrib purpose=A48    0.40918193431857736
    Attrib cr_amount    1.011305968673597
    Attrib savings=A65    -0.07225680089182906
    Attrib savings=A61    0.24416991863180793
    Attrib savings=A63    -0.19238334272670582
    Attrib savings=A64    0.39018336538914083
    Attrib savings=A62    0.050247353859705135
    Attrib emp_status=A75    -0.5084626268176303
    Attrib emp_status=A73    0.149126083567878
    Attrib emp_status=A74    -0.3335308991539069
    Attrib emp_status=A71    -0.282598681269376
    Attrib emp_status=A72    1.3866115999199116
    Attrib install_rate    -1.5475996913750072
    Attrib marital_status=A93    0.3915549722754874
    Attrib marital_status=A92    0.3959813111869767
    Attrib marital_status=A91    0.05059832551160769
    Attrib marital_status=A94    -0.5380580132068108
    Attrib debtor=A101    0.18210283142824812
    Attrib debtor=A103    0.19933706507961338
    Attrib debtor=A102    -0.19322694292421105
    Attrib residence    -3.1243811555094294
    Attrib property=A121    -0.29515489899643027
    Attrib property=A122    -0.296221560910726
    Attrib property=A124    0.32098466761218963
    Attrib property=A123    0.5923058225840432
    Attrib age    0.0044309273144422
    Attrib other_install=A143    -0.5396252127753675
    Attrib other_install=A141    0.589210107260598
    Attrib other_install=A142    0.16650061524874885
    Attrib housing=A152    0.07271109587134605
    Attrib housing=A153    0.08468996091215009
    Attrib housing=A151    -0.028963338326179044
    Attrib existing_cr    -0.227768608443893
    Attrib job=A173    0.4254910316536094
    Attrib job=A172    -0.19648826764577765
    Attrib job=A174    0.03912985682254222
    Attrib job=A171    0.07923879175229087
    Attrib people    -0.5912353492142522
    Attrib tel=A191    0.05921169763394123
    Attrib foreign=A202    0.2615764771262536
Sigmoid Node 16
    Inputs    Weights
    Threshold    -0.4392891462225506
    Attrib checking=A11    -0.14577808234151451
    Attrib checking=A12    -0.5315452420602017
    Attrib checking=A14    1.4175106526851227
    Attrib checking=A13    0.19559220452947604
    Attrib checking_duration    -1.631837701515364
    Attrib cr_history=A34    -0.3838011910179273
    Attrib cr_history=A32    2.8415551636321856
    Attrib cr_history=A33    -0.40406617601742933
    Attrib cr_history=A30    0.013962757733818547
    Attrib cr_history=A31    -0.8227279583782274
    Attrib purpose=A43    2.8036578428024717
    Attrib purpose=A46    -1.1423888445037265
    Attrib purpose=A42    -0.13056396630407174
    Attrib purpose=A40    0.4324894266960817
    Attrib purpose=A41    0.6463888837349729
    Attrib purpose=A49    1.4047861068197016
    Attrib purpose=A44    -0.3118522675907788
    Attrib purpose=A45    -1.1271318830231196
    Attrib purpose=A410    1.242726001772087
    Attrib purpose=A48    -0.46946518744376764
    Attrib cr_amount    -1.4864853876020605
    Attrib savings=A65    -2.1669589727297027
    Attrib savings=A61    0.2625834052674629
    Attrib savings=A63    1.9371314569862892
    Attrib savings=A64    1.3985309873159188
    Attrib savings=A62    -0.21614680810204864
    Attrib emp_status=A75    1.3394916056476123
    Attrib emp_status=A73    -0.5028551436186935
    Attrib emp_status=A74    1.1647487318122156
    Attrib emp_status=A71    -0.038562686893225485
    Attrib emp_status=A72    -0.7517882609855474
    Attrib install_rate    -0.3212116986550671
    Attrib marital_status=A93    -3.2216169323756683
    Attrib marital_status=A92    -0.7608608004389217
    Attrib marital_status=A91    1.7124991993524645
    Attrib marital_status=A94    3.140328898048024
    Attrib debtor=A101    -1.9295774099125222
    Attrib debtor=A103    2.5465181718996805
    Attrib debtor=A102    -0.16292597358832642
    Attrib residence    3.7766732402958083
    Attrib property=A121    -2.0157191096288534
    Attrib property=A122    3.0377422971404275
    Attrib property=A124    1.7189197447671696
    Attrib property=A123    -1.8049354360901215
    Attrib age    0.5254817755250449
    Attrib other_install=A143    2.625171224513273
    Attrib other_install=A141    -1.0230505790498552
    Attrib other_install=A142    -1.1278384679111588
    Attrib housing=A152    2.346137533670982
    Attrib housing=A153    -1.297329957286108
    Attrib housing=A151    -0.6163424881904446
    Attrib existing_cr    0.9371372422948319
    Attrib job=A173    0.04776412787247978
    Attrib job=A172    -0.2825986328467924
    Attrib job=A174    1.0834916887256854
    Attrib job=A171    -0.04878761090709274
    Attrib people    0.7787560700097835
    Attrib tel=A191    -0.4792357092233361
    Attrib foreign=A202    1.0839689464712934
Sigmoid Node 17
    Inputs    Weights
    Threshold    -0.00761059381168397
    Attrib checking=A11    -0.15811725938577648
    Attrib checking=A12    0.1981634186633987
    Attrib checking=A14    -0.19319906902864206
    Attrib checking=A13    0.23908991296151536
    Attrib checking_duration    -0.14928524621748082
    Attrib cr_history=A34    4.907725364314419E-4
    Attrib cr_history=A32    0.10908343915701285
    Attrib cr_history=A33    0.07840227272909805
    Attrib cr_history=A30    -0.011130452962389882
    Attrib cr_history=A31    -0.06906253597435698
    Attrib purpose=A43    0.10876764535268661
    Attrib purpose=A46    -0.11797584776549926
    Attrib purpose=A42    0.045337724769819135
    Attrib purpose=A40    -0.010850558034814788
    Attrib purpose=A41    0.18074024023366092
    Attrib purpose=A49    0.024238825856975496
    Attrib purpose=A44    0.0633325334461998
    Attrib purpose=A45    -0.05166510500095771
    Attrib purpose=A410    0.0745053333850488
    Attrib purpose=A48    0.08983735662609417
    Attrib cr_amount    -0.20654137672044148
    Attrib savings=A65    0.2248978085290032
    Attrib savings=A61    -0.3070663531617799
    Attrib savings=A63    0.10738612879044396
    Attrib savings=A64    0.07706818060123577
    Attrib savings=A62    0.0029089447528285956
    Attrib emp_status=A75    -0.1036649553152234
    Attrib emp_status=A73    0.0871335941989096
    Attrib emp_status=A74    0.21863764887120513
    Attrib emp_status=A71    -0.013867134557903
    Attrib emp_status=A72    -0.12327614024262783
    Attrib install_rate    0.10801163686229276
    Attrib marital_status=A93    0.3321392172725848
    Attrib marital_status=A92    -0.2971424682214765
    Attrib marital_status=A91    0.049932385827265606
    Attrib marital_status=A94    -0.00635947730791522
    Attrib debtor=A101    0.15330800051541055
    Attrib debtor=A103    0.025356840747479015
    Attrib debtor=A102    -0.08829102423450284
    Attrib residence    -0.16760088224957936
    Attrib property=A121    0.22402990023843083
    Attrib property=A122    -0.17580252394517273
    Attrib property=A124    -0.1454437758805488
    Attrib property=A123    0.1593971188553985
    Attrib age    0.13018221740973435
    Attrib other_install=A143    -0.026448767146688666
    Attrib other_install=A141    0.07480615754528848
    Attrib other_install=A142    -0.1352410698361591
    Attrib housing=A152    0.13113576735988638
    Attrib housing=A153    0.05487571811038653
    Attrib housing=A151    -0.11240219215450155
    Attrib existing_cr    -0.1466681019059709
    Attrib job=A173    -0.020481839954434637
    Attrib job=A172    0.06349350890271793
    Attrib job=A174    -0.04856173065660632
    Attrib job=A171    0.018418924485095432
    Attrib people    -0.09249841267809686
    Attrib tel=A191    0.0881427788760798
    Attrib foreign=A202    0.09896050562368938
Sigmoid Node 18
    Inputs    Weights
    Threshold    -0.38503991005623217
    Attrib checking=A11    0.582843786163046
    Attrib checking=A12    -0.8484285783503609
    Attrib checking=A14    1.8847370741098322
    Attrib checking=A13    -0.8818794617952176
    Attrib checking_duration    -2.262067257857289
    Attrib cr_history=A34    1.5626132518652829
    Attrib cr_history=A32    0.26501178468969133
    Attrib cr_history=A33    0.0833209361185618
    Attrib cr_history=A30    -0.2910662193021627
    Attrib cr_history=A31    -0.6131761178730813
    Attrib purpose=A43    0.08881481961437557
    Attrib purpose=A46    0.6306784243238218
    Attrib purpose=A42    -1.767113681054428
    Attrib purpose=A40    -1.6196279329010992
    Attrib purpose=A41    1.3706823192681803
    Attrib purpose=A49    2.097319216442326
    Attrib purpose=A44    -0.4068872046522187
    Attrib purpose=A45    0.6922884178695079
    Attrib purpose=A410    1.0278519330988876
    Attrib purpose=A48    0.7820578126224341
    Attrib cr_amount    -1.8502217614096292
    Attrib savings=A65    0.3418355430885977
    Attrib savings=A61    2.695003945798464
    Attrib savings=A63    -0.5657918234570009
    Attrib savings=A64    -0.8872450459973137
    Attrib savings=A62    -0.5672175813322742
    Attrib emp_status=A75    0.20606509192954614
    Attrib emp_status=A73    2.042320898717846
    Attrib emp_status=A74    -0.4092777283272034
    Attrib emp_status=A71    1.999529787015609
    Attrib emp_status=A72    -2.8013828486051797
    Attrib install_rate    -1.2703001002901138
    Attrib marital_status=A93    -1.0793066157277562
    Attrib marital_status=A92    -2.573684030361971
    Attrib marital_status=A91    2.6098574340068166
    Attrib marital_status=A94    1.5844954245986909
    Attrib debtor=A101    -1.9715534822011944
    Attrib debtor=A103    1.7664709001714347
    Attrib debtor=A102    0.5880425739338793
    Attrib residence    -1.6460079446164047
    Attrib property=A121    -0.7954886226988724
    Attrib property=A122    1.0376162602227899
    Attrib property=A124    1.7494686705129938
    Attrib property=A123    -1.2342613745320812
    Attrib age    0.2742988821566522
    Attrib other_install=A143    1.7192015774986034
    Attrib other_install=A141    -0.3598245761086752
    Attrib other_install=A142    -0.909261796121587
    Attrib housing=A152    -0.8337234060224784
    Attrib housing=A153    3.113407580360498
    Attrib housing=A151    -1.9541941095198536
    Attrib existing_cr    1.9135856729251637
    Attrib job=A173    -2.5460685918554846
    Attrib job=A172    1.4799743434327952
    Attrib job=A174    0.934153091053801
    Attrib job=A171    0.8312809123175002
    Attrib people    -0.5650869522778553
    Attrib tel=A191    4.481235809243008
    Attrib foreign=A202    0.8761554373916165
Sigmoid Node 19
    Inputs    Weights
    Threshold    -0.10955027013084213
    Attrib checking=A11    0.005417547112275216
    Attrib checking=A12    0.15822014321980868
    Attrib checking=A14    0.009931229412561172
    Attrib checking=A13    0.12865864459131668
    Attrib checking_duration    -0.038322654452506995
    Attrib cr_history=A34    0.13722129299083466
    Attrib cr_history=A32    -0.03784093507419933
    Attrib cr_history=A33    0.17795950733403848
    Attrib cr_history=A30    0.02909947022087647
    Attrib cr_history=A31    0.15052927431250085
    Attrib purpose=A43    0.05615027358149152
    Attrib purpose=A46    0.02428949865863303
    Attrib purpose=A42    0.11703911000750743
    Attrib purpose=A40    -0.014129916098092261
    Attrib purpose=A41    0.2169478218559198
    Attrib purpose=A49    0.12111744683120777
    Attrib purpose=A44    0.16959235698389788
    Attrib purpose=A45    0.10968798642271041
    Attrib purpose=A410    0.14183036406744534
    Attrib purpose=A48    0.1831384146419946
    Attrib cr_amount    -0.12775307811326056
    Attrib savings=A65    0.2720926885342196
    Attrib savings=A61    -0.2280922640670907
    Attrib savings=A63    0.084103133503403
    Attrib savings=A64    0.13524453432986167
    Attrib savings=A62    0.17765605348165436
    Attrib emp_status=A75    0.026517916026230742
    Attrib emp_status=A73    0.09662536082581681
    Attrib emp_status=A74    0.16374961419939482
    Attrib emp_status=A71    0.1671639399932902
    Attrib emp_status=A72    -0.0326485070469404
    Attrib install_rate    -0.11987909348797468
    Attrib marital_status=A93    0.17403537185795823
    Attrib marital_status=A92    -0.0921231075109557
    Attrib marital_status=A91    0.12054044076101074
    Attrib marital_status=A94    0.04110975024044536
    Attrib debtor=A101    -0.0690144311403341
    Attrib debtor=A103    0.10983358774131197
    Attrib debtor=A102    0.051124816988552264
    Attrib residence    0.015712650443898676
    Attrib property=A121    0.17062152442242323
    Attrib property=A122    -0.04216823734147898
    Attrib property=A124    0.07665710321189471
    Attrib property=A123    0.20102446803903096
    Attrib age    0.0936945622854778
    Attrib other_install=A143    -0.13112799505678385
    Attrib other_install=A141    0.20061454697902859
    Attrib other_install=A142    0.04044782356857591
    Attrib housing=A152    -0.11485401373770493
    Attrib housing=A153    0.1606095050978951
    Attrib housing=A151    0.02009489914543597
    Attrib existing_cr    0.04566410622352584
    Attrib job=A173    -0.08825124187720305
    Attrib job=A172    0.04273917230114596
    Attrib job=A174    0.08802689139261494
    Attrib job=A171    0.24877728420388145
    Attrib people    0.03268892800067429
    Attrib tel=A191    -0.08156542900186887
    Attrib foreign=A202    0.24310290659676415
Sigmoid Node 20
    Inputs    Weights
    Threshold    -0.33241859861182604
    Attrib checking=A11    -1.3756355578167585
    Attrib checking=A12    -1.3120039820573146
    Attrib checking=A14    0.4076023208921145
    Attrib checking=A13    2.980622759701157
    Attrib checking_duration    -1.346370645523544
    Attrib cr_history=A34    1.136182571640574
    Attrib cr_history=A32    -0.48320077565406055
    Attrib cr_history=A33    1.3228032088984785
    Attrib cr_history=A30    -0.3185299355691611
    Attrib cr_history=A31    -0.5410209505579189
    Attrib purpose=A43    -0.0833729232070328
    Attrib purpose=A46    0.3053604656985022
    Attrib purpose=A42    2.3471029630766256
    Attrib purpose=A40    -0.5375804294001072
    Attrib purpose=A41    -0.21820750699039224
    Attrib purpose=A49    0.3237300904910869
    Attrib purpose=A44    0.05850215821032351
    Attrib purpose=A45    -0.43647613079366177
    Attrib purpose=A410    0.4666044261143002
    Attrib purpose=A48    0.44540011548882386
    Attrib cr_amount    -1.6520581173164002
    Attrib savings=A65    1.4212078884771129
    Attrib savings=A61    0.6035159222923537
    Attrib savings=A63    -1.0119107953190074
    Attrib savings=A64    0.799139772647764
    Attrib savings=A62    -0.639270573736171
    Attrib emp_status=A75    -1.3830980391261096
    Attrib emp_status=A73    1.5286346630011618
    Attrib emp_status=A74    -0.2657367993788992
    Attrib emp_status=A71    0.33849306076386027
    Attrib emp_status=A72    0.925715275799878
    Attrib install_rate    -0.3695636181808149
    Attrib marital_status=A93    0.36233798937876566
    Attrib marital_status=A92    0.8578766227057556
    Attrib marital_status=A91    0.8720998233781453
    Attrib marital_status=A94    -1.447389593324718
    Attrib debtor=A101    -1.257310178965432
    Attrib debtor=A103    1.921346324771433
    Attrib debtor=A102    -0.3370241207210621
    Attrib residence    2.5420054972063735
    Attrib property=A121    -0.9720052288569436
    Attrib property=A122    1.9586595653790544
    Attrib property=A124    0.6340793996972552
    Attrib property=A123    -1.0302108098596325
    Attrib age    -0.2257300650183955
    Attrib other_install=A143    0.4619155223561529
    Attrib other_install=A141    -0.7585170481751625
    Attrib other_install=A142    0.6953587544221301
    Attrib housing=A152    0.68454507099921
    Attrib housing=A153    0.15338966051169328
    Attrib housing=A151    -0.45032909588422393
    Attrib existing_cr    1.8426920927872115
    Attrib job=A173    1.690927449271262
    Attrib job=A172    0.4740143538149672
    Attrib job=A174    -1.713840747680993
    Attrib job=A171    0.12869730296985366
    Attrib people    0.4665329536261599
    Attrib tel=A191    -2.8416969236145655
    Attrib foreign=A202    0.7702688812694496
Sigmoid Node 21
    Inputs    Weights
    Threshold    -0.7125172252005437
    Attrib checking=A11    0.2361012240517073
    Attrib checking=A12    -0.4727514031592468
    Attrib checking=A14    2.610831565752061
    Attrib checking=A13    -0.9530246940709687
    Attrib checking_duration    -3.1689864865738757
    Attrib cr_history=A34    1.0295824795586976
    Attrib cr_history=A32    1.1080295335174315
    Attrib cr_history=A33    -0.7260926214801987
    Attrib cr_history=A30    -0.06827598589885309
    Attrib cr_history=A31    0.6131753627087061
    Attrib purpose=A43    0.7379594832815474
    Attrib purpose=A46    -0.4392375828674989
    Attrib purpose=A42    0.8021249432953992
    Attrib purpose=A40    0.8288986006719498
    Attrib purpose=A41    1.2544434189033904
    Attrib purpose=A49    0.047880376961870474
    Attrib purpose=A44    0.8355058496339443
    Attrib purpose=A45    -0.6466223537631556
    Attrib purpose=A410    0.8407612210145171
    Attrib purpose=A48    1.222984264290246
    Attrib cr_amount    -0.9808705888749382
    Attrib savings=A65    -0.2238959056763683
    Attrib savings=A61    -0.32636058908693666
    Attrib savings=A63    -0.997447237015308
    Attrib savings=A64    1.9029034505289852
    Attrib savings=A62    1.6718011884392705
    Attrib emp_status=A75    -0.6475131171189317
    Attrib emp_status=A73    1.166943279485685
    Attrib emp_status=A74    -0.6167666322591706
    Attrib emp_status=A71    0.13767918750031816
    Attrib emp_status=A72    2.011969446199503
    Attrib install_rate    1.7501809640481982
    Attrib marital_status=A93    2.2276914342172294
    Attrib marital_status=A92    -0.7561374590339337
    Attrib marital_status=A91    0.2686196023313777
    Attrib marital_status=A94    -0.3985809042832929
    Attrib debtor=A101    0.13435777993966966
    Attrib debtor=A103    1.3361477883497497
    Attrib debtor=A102    -0.8664489003502005
    Attrib residence    1.4506228734598379
    Attrib property=A121    2.035264853513936
    Attrib property=A122    0.6197019939425326
    Attrib property=A124    -0.6058155442152942
    Attrib property=A123    -0.6679538952744289
    Attrib age    -1.0649622232977705
    Attrib other_install=A143    1.563926574955231
    Attrib other_install=A141    -0.6431210399886201
    Attrib other_install=A142    -0.2349247360708725
    Attrib housing=A152    1.859072674140017
    Attrib housing=A153    -0.7672919895083348
    Attrib housing=A151    -0.4406320860810757
    Attrib existing_cr    0.42148205376235987
    Attrib job=A173    1.135297543466705
    Attrib job=A172    -1.3964004073668252
    Attrib job=A174    1.0304833780435918
    Attrib job=A171    0.5420040993226685
    Attrib people    1.6324991309160648
    Attrib tel=A191    -0.8678392161629855
    Attrib foreign=A202    1.1633970207287796
Sigmoid Node 22
    Inputs    Weights
    Threshold    -0.7055203894097085
    Attrib checking=A11    0.3492727472685047
    Attrib checking=A12    -0.5906324727273546
    Attrib checking=A14    0.9067843964920778
    Attrib checking=A13    0.6819427977885241
    Attrib checking_duration    -1.4086775034447467
    Attrib cr_history=A34    1.155277606859983
    Attrib cr_history=A32    1.4646299427538914
    Attrib cr_history=A33    -0.3102075213835448
    Attrib cr_history=A30    -0.17276072345530483
    Attrib cr_history=A31    -0.02776078106342619
    Attrib purpose=A43    -0.4886007787687935
    Attrib purpose=A46    -0.40357184590620526
    Attrib purpose=A42    0.9608483857686217
    Attrib purpose=A40    2.8132137102512824
    Attrib purpose=A41    1.415972668754662
    Attrib purpose=A49    0.3780634556250592
    Attrib purpose=A44    0.22820006661876321
    Attrib purpose=A45    -0.3361900994842997
    Attrib purpose=A410    0.735730176034831
    Attrib purpose=A48    0.4726374667129522
    Attrib cr_amount    -1.4869014282797084
    Attrib savings=A65    -0.8552128150758319
    Attrib savings=A61    0.04290211109400343
    Attrib savings=A63    0.9963234159242585
    Attrib savings=A64    1.3151343178819745
    Attrib savings=A62    0.7389889910768762
    Attrib emp_status=A75    -1.1412554610841987
    Attrib emp_status=A73    0.32546860167617603
    Attrib emp_status=A74    -0.9299649904838176
    Attrib emp_status=A71    2.507847206071103
    Attrib emp_status=A72    1.5135432028152165
    Attrib install_rate    1.8079490200852775
    Attrib marital_status=A93    2.1309921781606556
    Attrib marital_status=A92    -3.155912813399347
    Attrib marital_status=A91    0.40396699841826317
    Attrib marital_status=A94    2.1073462558404925
    Attrib debtor=A101    0.8627817516386038
    Attrib debtor=A103    0.5744381262955662
    Attrib debtor=A102    -0.7823762468968777
    Attrib residence    1.4038045519919626
    Attrib property=A121    2.634487235492826
    Attrib property=A122    0.18192347150314486
    Attrib property=A124    -0.4190644708105263
    Attrib property=A123    -0.873987394595388
    Attrib age    0.13760003732864387
    Attrib other_install=A143    1.7227637796394035
    Attrib other_install=A141    -0.5056380089738328
    Attrib other_install=A142    -0.5098689807202598
    Attrib housing=A152    0.9281140862581133
    Attrib housing=A153    -0.5711241260737756
    Attrib housing=A151    0.4169973579340039
    Attrib existing_cr    0.7385841096360202
    Attrib job=A173    2.0571646485999646
    Attrib job=A172    -1.6258851382638977
    Attrib job=A174    0.21905008366750162
    Attrib job=A171    0.7522599246613599
    Attrib people    1.4910768824512175
    Attrib tel=A191    -0.9428732391671633
    Attrib foreign=A202    1.2374853584703056
Sigmoid Node 23
    Inputs    Weights
    Threshold    -0.410073522664967
    Attrib checking=A11    -2.2727255163587596
    Attrib checking=A12    0.9218999844404624
    Attrib checking=A14    2.1795559464902947
    Attrib checking=A13    -0.11462506218996087
    Attrib checking_duration    0.39489932672601913
    Attrib cr_history=A34    0.5029054165504749
    Attrib cr_history=A32    2.4597192178192535
    Attrib cr_history=A33    -0.9309323794336177
    Attrib cr_history=A30    -0.38543768910976905
    Attrib cr_history=A31    -0.5100891777061008
    Attrib purpose=A43    -1.6650250699937927
    Attrib purpose=A46    1.1931847603775794
    Attrib purpose=A42    1.0738967223585059
    Attrib purpose=A40    0.2929102731413099
    Attrib purpose=A41    1.381755396881395
    Attrib purpose=A49    -0.4920004920523751
    Attrib purpose=A44    0.4814406276606257
    Attrib purpose=A45    0.4619942770789307
    Attrib purpose=A410    0.20600762437993145
    Attrib purpose=A48    -0.05546019705432936
    Attrib cr_amount    0.44819341639245597
    Attrib savings=A65    -1.9144147808735386
    Attrib savings=A61    0.1122005013200441
    Attrib savings=A63    1.5876628279817802
    Attrib savings=A64    0.3384841273504258
    Attrib savings=A62    0.9351636931585668
    Attrib emp_status=A75    0.3794981356920584
    Attrib emp_status=A73    2.4836752698710765
    Attrib emp_status=A74    -1.7443883306338854
    Attrib emp_status=A71    0.5403162460830507
    Attrib emp_status=A72    -0.5496341611887403
    Attrib install_rate    0.6429664151856777
    Attrib marital_status=A93    0.7894852037597241
    Attrib marital_status=A92    1.3392867493032727
    Attrib marital_status=A91    -1.0211248703711986
    Attrib marital_status=A94    -0.3143187674118973
    Attrib debtor=A101    -1.4030538801397459
    Attrib debtor=A103    -0.5566799339870206
    Attrib debtor=A102    2.305844475991439
    Attrib residence    -0.02529493725920138
    Attrib property=A121    -0.37199850124354394
    Attrib property=A122    1.241156961097258
    Attrib property=A124    -0.8453114785167917
    Attrib property=A123    0.7622810185227404
    Attrib age    0.2611804113287785
    Attrib other_install=A143    -0.36352098566183255
    Attrib other_install=A141    0.43461464967972846
    Attrib other_install=A142    0.3136262786602378
    Attrib housing=A152    -0.07440388490463597
    Attrib housing=A153    -0.296865459157146
    Attrib housing=A151    0.8391630104561872
    Attrib existing_cr    0.2639476632285344
    Attrib job=A173    1.0271094997614922
    Attrib job=A172    -0.688182769699497
    Attrib job=A174    0.3057135696966462
    Attrib job=A171    0.10351205361513162
    Attrib people    2.560168028094288
    Attrib tel=A191    0.7485261570667278
    Attrib foreign=A202    0.6073768627338024
Sigmoid Node 24
    Inputs    Weights
    Threshold    -0.2975870578043129
    Attrib checking=A11    -0.5034038630385473
    Attrib checking=A12    0.025390645621409528
    Attrib checking=A14    0.8731664846978905
    Attrib checking=A13    0.2248611625551182
    Attrib checking_duration    -1.0319681943729118
    Attrib cr_history=A34    0.1695607248773418
    Attrib cr_history=A32    0.8924978775564042
    Attrib cr_history=A33    0.14383634519175278
    Attrib cr_history=A30    -0.2119075222761136
    Attrib cr_history=A31    -0.12444523899530596
    Attrib purpose=A43    1.2078010597026754
    Attrib purpose=A46    0.5815593488538193
    Attrib purpose=A42    -0.3168006041947623
    Attrib purpose=A40    -0.025225509689297845
    Attrib purpose=A41    -0.010244897579236323
    Attrib purpose=A49    0.07661109402787557
    Attrib purpose=A44    0.4546919747747118
    Attrib purpose=A45    0.13801388817848115
    Attrib purpose=A410    0.3788964613173577
    Attrib purpose=A48    0.14352640210388357
    Attrib cr_amount    -0.7823335778579223
    Attrib savings=A65    0.4637585308663867
    Attrib savings=A61    0.3720355019919064
    Attrib savings=A63    -0.05387382322512393
    Attrib savings=A64    0.17166272026441382
    Attrib savings=A62    -0.023050535673686885
    Attrib emp_status=A75    0.6040767137344962
    Attrib emp_status=A73    -0.5427267790669393
    Attrib emp_status=A74    1.6713417441356642
    Attrib emp_status=A71    -0.18829000949514188
    Attrib emp_status=A72    -0.6158503061126711
    Attrib install_rate    0.3093414428275214
    Attrib marital_status=A93    0.002038736374525564
    Attrib marital_status=A92    0.7708781854270933
    Attrib marital_status=A91    -0.13307033153894787
    Attrib marital_status=A94    -0.04264183847938753
    Attrib debtor=A101    0.41674979549125
    Attrib debtor=A103    0.4087382578606779
    Attrib debtor=A102    -0.4649908062292939
    Attrib residence    1.755760806122359
    Attrib property=A121    -0.6270153472275765
    Attrib property=A122    0.9653308615184111
    Attrib property=A124    -0.30434713411472747
    Attrib property=A123    0.6522913627499733
    Attrib age    0.544040126114353
    Attrib other_install=A143    0.19474918288207
    Attrib other_install=A141    -0.30633956827670283
    Attrib other_install=A142    0.4105089062745566
    Attrib housing=A152    0.1708369410363273
    Attrib housing=A153    -0.4272567383147486
    Attrib housing=A151    0.5277509048457463
    Attrib existing_cr    0.11114870128805056
    Attrib job=A173    -0.583306146668833
    Attrib job=A172    0.7289318198942052
    Attrib job=A174    0.04970701170237088
    Attrib job=A171    0.4826323679746994
    Attrib people    0.024875708245500193
    Attrib tel=A191    -1.0536830133108992
    Attrib foreign=A202    0.42858657319339233
Sigmoid Node 25
    Inputs    Weights
    Threshold    -0.1511511375180236
    Attrib checking=A11    1.6988386148006278
    Attrib checking=A12    -0.1990262425605457
    Attrib checking=A14    -1.474135571154277
    Attrib checking=A13    0.09453956466893712
    Attrib checking_duration    0.12218384803410805
    Attrib cr_history=A34    1.934874966274058
    Attrib cr_history=A32    0.21583619518846867
    Attrib cr_history=A33    0.08443067973809251
    Attrib cr_history=A30    -0.5871939104699889
    Attrib cr_history=A31    -1.3669071070988716
    Attrib purpose=A43    -1.4387922043831127
    Attrib purpose=A46    0.6750394830253664
    Attrib purpose=A42    1.1006954635623007
    Attrib purpose=A40    -0.8685822403934454
    Attrib purpose=A41    -0.11027398166170445
    Attrib purpose=A49    1.4170396439062758
    Attrib purpose=A44    -0.020340027783100553
    Attrib purpose=A45    0.24453266669731027
    Attrib purpose=A410    -0.29448122334527005
    Attrib purpose=A48    0.3107872379355104
    Attrib cr_amount    -0.8260240896891377
    Attrib savings=A65    1.883679362041932
    Attrib savings=A61    -0.663797677767955
    Attrib savings=A63    -0.713306159780382
    Attrib savings=A64    -0.004848703421979684
    Attrib savings=A62    -0.22227478985666116
    Attrib emp_status=A75    -1.7787254068083826
    Attrib emp_status=A73    -1.1198964436945895
    Attrib emp_status=A74    1.0598227359933095
    Attrib emp_status=A71    1.774028901203131
    Attrib emp_status=A72    0.2888020673936548
    Attrib install_rate    -0.8900359212034668
    Attrib marital_status=A93    0.6086450076973529
    Attrib marital_status=A92    0.059172704094983763
    Attrib marital_status=A91    -0.38911133974660755
    Attrib marital_status=A94    -0.038605241333916726
    Attrib debtor=A101    -1.0916699062455615
    Attrib debtor=A103    -0.11156473405821793
    Attrib debtor=A102    1.3754573963967134
    Attrib residence    0.8872014316654034
    Attrib property=A121    0.4722095832234825
    Attrib property=A122    1.0834841205379095
    Attrib property=A124    -0.24149237343257238
    Attrib property=A123    -1.175571622277949
    Attrib age    0.1622323707404042
    Attrib other_install=A143    -0.7534168085317694
    Attrib other_install=A141    1.774934240439034
    Attrib other_install=A142    -0.9128149392923309
    Attrib housing=A152    0.14069213188030563
    Attrib housing=A153    1.6951515858769661
    Attrib housing=A151    -1.7415079702568115
    Attrib existing_cr    2.1495316578937924
    Attrib job=A173    -1.7654879494951188
    Attrib job=A172    0.5897150734872004
    Attrib job=A174    1.3899747855864342
    Attrib job=A171    0.021566020105164327
    Attrib people    0.5893747956248065
    Attrib tel=A191    8.286660455067284E-4
    Attrib foreign=A202    1.1794005346782634
Sigmoid Node 26
    Inputs    Weights
    Threshold    -0.5465454882901211
    Attrib checking=A11    -3.267368623236861
    Attrib checking=A12    -0.21382024414286488
    Attrib checking=A14    2.952426377132555
    Attrib checking=A13    1.580434075934168
    Attrib checking_duration    -0.4367903409319251
    Attrib cr_history=A34    -0.39472036638459457
    Attrib cr_history=A32    2.9921661367415475
    Attrib cr_history=A33    -0.11973868708470083
    Attrib cr_history=A30    -0.3787267662449983
    Attrib cr_history=A31    -0.29427219672225186
    Attrib purpose=A43    1.6946631544750972
    Attrib purpose=A46    0.22384323802600717
    Attrib purpose=A42    -2.1310772058639427
    Attrib purpose=A40    0.8950395608766843
    Attrib purpose=A41    2.3465280413394245
    Attrib purpose=A49    -0.6572917117709665
    Attrib purpose=A44    0.40441596118772893
    Attrib purpose=A45    0.38646357035713924
    Attrib purpose=A410    0.8218132335400132
    Attrib purpose=A48    0.40081199401850665
    Attrib cr_amount    -1.4101766353926188
    Attrib savings=A65    -0.06206845783178833
    Attrib savings=A61    -0.06240696155516334
    Attrib savings=A63    1.8118226765654737
    Attrib savings=A64    1.9057419348044662
    Attrib savings=A62    -1.8245758147385212
    Attrib emp_status=A75    1.3055983497684016
    Attrib emp_status=A73    -0.044540089657421754
    Attrib emp_status=A74    0.327952985724332
    Attrib emp_status=A71    0.18819931678832477
    Attrib emp_status=A72    0.00802361665220325
    Attrib install_rate    -0.06724698007097948
    Attrib marital_status=A93    1.0456274755586472
    Attrib marital_status=A92    1.1648907969553859
    Attrib marital_status=A91    -0.6743809742502548
    Attrib marital_status=A94    -0.42808803707468157
    Attrib debtor=A101    1.0059115474530356
    Attrib debtor=A103    0.8529316314359779
    Attrib debtor=A102    -1.2267205886062613
    Attrib residence    2.4920635183872606
    Attrib property=A121    0.0725796082165467
    Attrib property=A122    0.16875552268201877
    Attrib property=A124    -0.3098781418917322
    Attrib property=A123    1.2490206312218095
    Attrib age    2.1919698116058295
    Attrib other_install=A143    2.0627410816237357
    Attrib other_install=A141    0.13398940088009292
    Attrib other_install=A142    -1.65313169558766
    Attrib housing=A152    1.0860178469465267
    Attrib housing=A153    -1.1126515554394865
    Attrib housing=A151    0.5860318567976752
    Attrib existing_cr    -0.42952643154826564
    Attrib job=A173    0.21736741448379376
    Attrib job=A172    -0.18029936734898444
    Attrib job=A174    -0.43611658051795227
    Attrib job=A171    1.5653443251426802
    Attrib people    0.2902463642379923
    Attrib tel=A191    2.0450977989080847
    Attrib foreign=A202    0.18311548677749082
Sigmoid Node 27
    Inputs    Weights
    Threshold    -0.2572385941801996
    Attrib checking=A11    -0.6326733664077914
    Attrib checking=A12    0.12763734649875072
    Attrib checking=A14    0.8856025044074397
    Attrib checking=A13    0.2814202733049235
    Attrib checking_duration    -0.27227996422997097
    Attrib cr_history=A34    -0.33843485701788195
    Attrib cr_history=A32    0.12231828915988245
    Attrib cr_history=A33    0.7595064033542754
    Attrib cr_history=A30    0.15639835199534113
    Attrib cr_history=A31    0.24869236982114465
    Attrib purpose=A43    -0.07491067395783091
    Attrib purpose=A46    -0.6503981904213658
    Attrib purpose=A42    1.2484071916713968
    Attrib purpose=A40    -0.5662256070020001
    Attrib purpose=A41    1.3764826297534407
    Attrib purpose=A49    -0.8217540602951542
    Attrib purpose=A44    0.23754415281373162
    Attrib purpose=A45    0.519602008961754
    Attrib purpose=A410    0.44949277085244077
    Attrib purpose=A48    0.6657405456494685
    Attrib cr_amount    0.13947782149302948
    Attrib savings=A65    -0.4327092676356309
    Attrib savings=A61    0.36913146959002135
    Attrib savings=A63    -0.9972323359927157
    Attrib savings=A64    -0.029404388812423413
    Attrib savings=A62    1.9967159918168362
    Attrib emp_status=A75    0.9105766104956918
    Attrib emp_status=A73    1.7140423411728174
    Attrib emp_status=A74    -0.8175712861330272
    Attrib emp_status=A71    0.2673484622370363
    Attrib emp_status=A72    -1.1735474293229915
    Attrib install_rate    -0.5066422924439167
    Attrib marital_status=A93    1.5233029899987174
    Attrib marital_status=A92    -0.7437634525872631
    Attrib marital_status=A91    0.12126872308026558
    Attrib marital_status=A94    -0.31813064256662577
    Attrib debtor=A101    0.5218131395880211
    Attrib debtor=A103    0.18709698516653725
    Attrib debtor=A102    -0.41435403580979036
    Attrib residence    -2.0786381531796723
    Attrib property=A121    1.1529512270743194
    Attrib property=A122    -1.0036169027481296
    Attrib property=A124    0.6559059789798666
    Attrib property=A123    -0.3061477695639579
    Attrib age    -0.9074850848996724
    Attrib other_install=A143    -1.0134940078183718
    Attrib other_install=A141    0.7896541082762107
    Attrib other_install=A142    0.5523505933094872
    Attrib housing=A152    -0.4077410244511087
    Attrib housing=A153    0.9335029932400556
    Attrib housing=A151    -0.21050031361492
    Attrib existing_cr    -0.5756930472928073
    Attrib job=A173    -0.03661387561706184
    Attrib job=A172    0.8370250033532121
    Attrib job=A174    -0.5337242299195633
    Attrib job=A171    0.23583465171421286
    Attrib people    0.4543322841823776
    Attrib tel=A191    -0.5236076754148389
    Attrib foreign=A202    0.10609627971739109
Sigmoid Node 28
    Inputs    Weights
    Threshold    -0.12702403197173442
    Attrib checking=A11    -0.7851506335697565
    Attrib checking=A12    0.6868774162317384
    Attrib checking=A14    -0.5936043016748036
    Attrib checking=A13    0.861595507413137
    Attrib checking_duration    -0.3362642585488743
    Attrib cr_history=A34    0.940002873671268
    Attrib cr_history=A32    0.5956431272237876
    Attrib cr_history=A33    -1.4419276887744912
    Attrib cr_history=A30    0.5403359896158509
    Attrib cr_history=A31    -0.31603033794323315
    Attrib purpose=A43    1.1295768781300761
    Attrib purpose=A46    -0.204822691903846
    Attrib purpose=A42    0.4399122523630393
    Attrib purpose=A40    0.6601181161324883
    Attrib purpose=A41    -0.30393068103979165
    Attrib purpose=A49    -0.3394713521175694
    Attrib purpose=A44    0.018673479951717368
    Attrib purpose=A45    -0.3562709065004016
    Attrib purpose=A410    -0.02307191744986815
    Attrib purpose=A48    -0.2148148334885882
    Attrib cr_amount    -0.3124366604122441
    Attrib savings=A65    0.6268426555557279
    Attrib savings=A61    -0.2923640999918455
    Attrib savings=A63    0.6062499779372987
    Attrib savings=A64    -0.21619538404064728
    Attrib savings=A62    -0.3644376425392291
    Attrib emp_status=A75    -0.11767181474918179
    Attrib emp_status=A73    0.5866549754830399
    Attrib emp_status=A74    -0.5286569537524484
    Attrib emp_status=A71    0.5642305104905333
    Attrib emp_status=A72    -0.29988981249965563
    Attrib install_rate    -1.209914615792207
    Attrib marital_status=A93    -0.04047851987493034
    Attrib marital_status=A92    -0.15548380049582014
    Attrib marital_status=A91    0.4224253444594846
    Attrib marital_status=A94    -0.002952523236646751
    Attrib debtor=A101    -0.14558259349371963
    Attrib debtor=A103    0.09593170991354127
    Attrib debtor=A102    0.16038258821339438
    Attrib residence    -0.6717253500772555
    Attrib property=A121    0.7058575456278339
    Attrib property=A122    0.9460133420160469
    Attrib property=A124    -0.3943360270261698
    Attrib property=A123    -1.1530097642273884
    Attrib age    0.9116193709335202
    Attrib other_install=A143    -0.11982362905278833
    Attrib other_install=A141    0.5514808947092108
    Attrib other_install=A142    -0.3716584120212305
    Attrib housing=A152    -0.372698126898225
    Attrib housing=A153    0.6190827150967806
    Attrib housing=A151    -0.1418312917841017
    Attrib existing_cr    -0.11502879153508494
    Attrib job=A173    -0.06855833596048239
    Attrib job=A172    0.2056515214143352
    Attrib job=A174    -0.1387516753827721
    Attrib job=A171    0.22391318259496654
    Attrib people    2.0803887422221066
    Attrib tel=A191    0.40776443188920836
    Attrib foreign=A202    -0.17263740300025113
Sigmoid Node 29
    Inputs    Weights
    Threshold    -0.2969900869939356
    Attrib checking=A11    0.6297229936721002
    Attrib checking=A12    2.126965092456992
    Attrib checking=A14    -0.7747067609147981
    Attrib checking=A13    -1.6246445754553487
    Attrib checking_duration    -1.0656296837204184
    Attrib cr_history=A34    -1.0004634458366743
    Attrib cr_history=A32    0.2728993996812562
    Attrib cr_history=A33    1.37868380639753
    Attrib cr_history=A30    -1.018343878852911
    Attrib cr_history=A31    1.23143017855462
    Attrib purpose=A43    0.0795055583569453
    Attrib purpose=A46    1.3014117354450043
    Attrib purpose=A42    -0.17243280887796128
    Attrib purpose=A40    0.082747833551691
    Attrib purpose=A41    0.070182497127878
    Attrib purpose=A49    -1.1116528693073338
    Attrib purpose=A44    0.016917262381970957
    Attrib purpose=A45    0.2304642761340006
    Attrib purpose=A410    0.17130761537010314
    Attrib purpose=A48    1.4272788686138316
    Attrib cr_amount    -0.2751369956217796
    Attrib savings=A65    0.5362818902309732
    Attrib savings=A61    -1.659703101097427
    Attrib savings=A63    1.5708221561285631
    Attrib savings=A64    1.089478382559742
    Attrib savings=A62    -0.8320485370817792
    Attrib emp_status=A75    0.14549828068542692
    Attrib emp_status=A73    1.4665028237621287
    Attrib emp_status=A74    -0.11755412895645802
    Attrib emp_status=A71    -0.3221185764219669
    Attrib emp_status=A72    -0.4325829416682077
    Attrib install_rate    0.26698005619385784
    Attrib marital_status=A93    -0.2141195682444928
    Attrib marital_status=A92    0.012356389920167663
    Attrib marital_status=A91    -0.322313802077979
    Attrib marital_status=A94    1.0667646969324058
    Attrib debtor=A101    -0.749976726625727
    Attrib debtor=A103    0.736418169124755
    Attrib debtor=A102    0.24796430568644032
    Attrib residence    -1.4993778901288006
    Attrib property=A121    2.2867608771291312
    Attrib property=A122    -1.5940045625990442
    Attrib property=A124    -0.6083619012439454
    Attrib property=A123    0.33645995569578924
    Attrib age    0.44396837590743465
    Attrib other_install=A143    0.8527284791625687
    Attrib other_install=A141    0.023548136697089397
    Attrib other_install=A142    -0.6285025408196518
    Attrib housing=A152    -0.4060315596412925
    Attrib housing=A153    0.5803104077442005
    Attrib housing=A151    0.009393825045815575
    Attrib existing_cr    -1.4056922966110832
    Attrib job=A173    -1.2643417658649378
    Attrib job=A172    1.6809277497878474
    Attrib job=A174    -0.3717897549815533
    Attrib job=A171    0.4498622713270358
    Attrib people    -0.2335476281847149
    Attrib tel=A191    -2.0170702176188544
    Attrib foreign=A202    0.6567941830453614
Sigmoid Node 30
    Inputs    Weights
    Threshold    -0.6496134922500659
    Attrib checking=A11    0.5229238352618363
    Attrib checking=A12    -3.496651672488707
    Attrib checking=A14    2.4224347845095284
    Attrib checking=A13    1.8448411735720742
    Attrib checking_duration    0.643291152151735
    Attrib cr_history=A34    1.5900039001259092
    Attrib cr_history=A32    3.3653153929623687
    Attrib cr_history=A33    -2.049557141931305
    Attrib cr_history=A30    -0.33969608837764187
    Attrib cr_history=A31    -0.6285220058122829
    Attrib purpose=A43    0.27996009573428815
    Attrib purpose=A46    -2.89336642980843
    Attrib purpose=A42    3.9666173269424583
    Attrib purpose=A40    -2.027716337194724
    Attrib purpose=A41    2.1724065696966677
    Attrib purpose=A49    1.2322046802072186
    Attrib purpose=A44    1.3724006374922189
    Attrib purpose=A45    -0.8528501051260367
    Attrib purpose=A410    1.3831912562353872
    Attrib purpose=A48    0.6510097144167387
    Attrib cr_amount    0.765538455015116
    Attrib savings=A65    -1.4279042205775296
    Attrib savings=A61    2.4448676289883626
    Attrib savings=A63    -0.7920794958366203
    Attrib savings=A64    2.3288114765987467
    Attrib savings=A62    -0.6358005737465174
    Attrib emp_status=A75    0.15219670671524876
    Attrib emp_status=A73    1.2567234970211212
    Attrib emp_status=A74    -0.6818531457832397
    Attrib emp_status=A71    -1.9776721555159478
    Attrib emp_status=A72    3.3280911014150485
    Attrib install_rate    2.5744343101598015
    Attrib marital_status=A93    -2.126365707572308
    Attrib marital_status=A92    2.4260283033949945
    Attrib marital_status=A91    -0.1349369732256921
    Attrib marital_status=A94    1.1987337733713908
    Attrib debtor=A101    -2.2829496989299862
    Attrib debtor=A103    3.854933487348837
    Attrib debtor=A102    -0.9859212005889725
    Attrib residence    -5.753382107546469
    Attrib property=A121    -2.3618123637621173
    Attrib property=A122    1.6146134918320278
    Attrib property=A124    0.642112095368212
    Attrib property=A123    1.4385595813703385
    Attrib age    -0.42750947165772
    Attrib other_install=A143    -0.9707604945435653
    Attrib other_install=A141    0.13836266555547574
    Attrib other_install=A142    1.394507735765924
    Attrib housing=A152    0.30784192422142764
    Attrib housing=A153    0.17048411297448826
    Attrib housing=A151    0.11799549712011935
    Attrib existing_cr    -0.30008835911497606
    Attrib job=A173    -0.3250876059284054
    Attrib job=A172    -1.7581817341158985
    Attrib job=A174    4.690351904638147
    Attrib job=A171    -1.3014104351398872
    Attrib people    2.3877219462542003
    Attrib tel=A191    3.6608006125454726
    Attrib foreign=A202    0.12745666718568643
Sigmoid Node 31
    Inputs    Weights
    Threshold    -0.6228338860626731
    Attrib checking=A11    -2.484798926448227
    Attrib checking=A12    2.9208636350265182
    Attrib checking=A14    0.46143660920208374
    Attrib checking=A13    0.4272211085666008
    Attrib checking_duration    -1.9913678690866685
    Attrib cr_history=A34    -0.448362368972572
    Attrib cr_history=A32    -0.2501153013958095
    Attrib cr_history=A33    2.099982678574677
    Attrib cr_history=A30    0.9800088424193208
    Attrib cr_history=A31    -0.5700637758799487
    Attrib purpose=A43    0.5995931992757191
    Attrib purpose=A46    -0.6764582209656841
    Attrib purpose=A42    2.6506351802877686
    Attrib purpose=A40    -0.8024331561811
    Attrib purpose=A41    1.5885805119445642
    Attrib purpose=A49    -1.4180993259067318
    Attrib purpose=A44    0.7894498827221615
    Attrib purpose=A45    0.4370471722784692
    Attrib purpose=A410    0.5659502686868562
    Attrib purpose=A48    1.391359586010531
    Attrib cr_amount    -1.0763352628023326
    Attrib savings=A65    1.3053776545998097
    Attrib savings=A61    1.1133072103967323
    Attrib savings=A63    -0.3834644685882131
    Attrib savings=A64    -0.7042711324836812
    Attrib savings=A62    0.5705906151999469
    Attrib emp_status=A75    1.882299482087897
    Attrib emp_status=A73    0.7912570405296078
    Attrib emp_status=A74    0.2632333529220356
    Attrib emp_status=A71    0.8705989892061864
    Attrib emp_status=A72    -1.9892263072953351
    Attrib install_rate    1.7431529579714282
    Attrib marital_status=A93    1.5169172503071922
    Attrib marital_status=A92    -2.11776905379261
    Attrib marital_status=A91    1.0685491589358886
    Attrib marital_status=A94    0.8171336060105304
    Attrib debtor=A101    1.3754900629462852
    Attrib debtor=A103    -0.981635512661273
    Attrib debtor=A102    0.21650841800460727
    Attrib residence    2.3869602532841947
    Attrib property=A121    1.1450951949781136
    Attrib property=A122    -0.9466147741519391
    Attrib property=A124    0.18976310430700843
    Attrib property=A123    0.9067749894008186
    Attrib age    -1.4763095003592552
    Attrib other_install=A143    -1.7211252032638638
    Attrib other_install=A141    1.6939060068407068
    Attrib other_install=A142    0.6522511586439143
    Attrib housing=A152    -1.849419879188576
    Attrib housing=A153    0.46748911730429804
    Attrib housing=A151    2.049628725332481
    Attrib existing_cr    -0.8823843038530459
    Attrib job=A173    0.2518201620712536
    Attrib job=A172    0.8639787275689971
    Attrib job=A174    -0.5968069142933653
    Attrib job=A171    0.7539280489083491
    Attrib people    -0.47640863370523084
    Attrib tel=A191    -1.0136996836465755
    Attrib foreign=A202    0.8968817173634934
Class 1
    Input
    Node 0
Class 2
    Input
    Node 1


Time taken to build model: 9.05 seconds

=== Stratified cross-validation ===
=== Summary ===

Correctly Classified Instances         723               72.3    %
Incorrectly Classified Instances       277               27.7    %
Kappa statistic                          0.3348
Mean absolute error                      0.2782
Root mean squared error                  0.4839
Relative absolute error                 66.2108 %
Root relative squared error            105.5902 %
Total Number of Instances             1000     

=== Detailed Accuracy By Class ===

                 TP Rate  FP Rate  Precision  Recall   F-Measure  MCC      ROC Area  PRC Area  Class
                 0.809    0.477    0.798      0.809    0.803      0.335    0.741     0.848     1
                 0.523    0.191    0.540      0.523    0.531      0.335    0.741     0.566     2
Weighted Avg.    0.723    0.391    0.721      0.723    0.722      0.335    0.741     0.763     

=== Confusion Matrix ===

   a   b   <-- classified as
 566 134 |   a = 1
 143 157 |   b = 2


