=== Run information ===

Scheme:       weka.classifiers.meta.AdaBoostM1 -P 100 -S 1 -I 10 -W weka.classifiers.bayes.NaiveBayes
Relation:     german-bank
Instances:    1000
Attributes:   21
              checking
              checking_duration
              cr_history
              purpose
              cr_amount
              savings
              emp_status
              install_rate
              marital_status
              debtor
              residence
              property
              age
              other_install
              housing
              existing_cr
              job
              people
              tel
              foreign
              class
Test mode:    10-fold cross-validation

=== Classifier model (full training set) ===

AdaBoostM1: Base classifiers and their weights: 

Naive Bayes Classifier

                        Class
Attribute                   1         2
                        (0.7)     (0.3)
========================================
checking
  A11                    140.0     136.0
  A12                    165.0     106.0
  A14                    349.0      47.0
  A13                     50.0      15.0
  [total]                704.0     304.0

checking_duration
  mean                 19.1766   24.8129
  std. dev.            10.9817   13.3608
  weight sum               700       300
  precision              2.125     2.125

cr_history
  A34                    244.0      51.0
  A32                    362.0     170.0
  A33                     61.0      29.0
  A30                     16.0      26.0
  A31                     22.0      29.0
  [total]                705.0     305.0

purpose
  A43                    219.0      63.0
  A46                     29.0      23.0
  A42                    124.0      59.0
  A40                    146.0      90.0
  A41                     87.0      18.0
  A49                     64.0      35.0
  A44                      9.0       5.0
  A45                     15.0       9.0
  A410                     8.0       6.0
  A48                      9.0       2.0
  [total]                710.0     310.0

cr_amount
  mean               2985.6721 3938.1609
  std. dev.          2399.7801 3529.4788
  weight sum               700       300
  precision            19.7543   19.7543

savings
  A65                    152.0      33.0
  A61                    387.0     218.0
  A63                     53.0      12.0
  A64                     43.0       7.0
  A62                     70.0      35.0
  [total]                705.0     305.0

emp_status
  A75                    190.0      65.0
  A73                    236.0     105.0
  A74                    136.0      40.0
  A71                     40.0      24.0
  A72                    103.0      71.0
  [total]                705.0     305.0

install_rate
  mean                    2.92    3.0967
  std. dev.             1.1273    1.0866
  weight sum               700       300
  precision                  1         1

marital_status
  A93                    403.0     147.0
  A92                    202.0     110.0
  A91                     31.0      21.0
  A94                     68.0      26.0
  [total]                704.0     304.0

debtor
  A101                   636.0     273.0
  A103                    43.0      11.0
  A102                    24.0      19.0
  [total]                703.0     303.0

residence
  mean                  2.8429      2.85
  std. dev.             1.1076    1.0928
  weight sum               700       300
  precision                  1         1

property
  A121                   223.0      61.0
  A122                   162.0      72.0
  A124                    88.0      68.0
  A123                   231.0     103.0
  [total]                704.0     304.0

age
  mean                 36.1723   33.9267
  std. dev.            11.4005    11.259
  weight sum               700       300
  precision             1.0769    1.0769

other_install
  A143                   591.0     225.0
  A141                    83.0      58.0
  A142                    29.0      20.0
  [total]                703.0     303.0

housing
  A152                   528.0     187.0
  A153                    65.0      45.0
  A151                   110.0      71.0
  [total]                703.0     303.0

existing_cr
  mean                  1.4243    1.3667
  std. dev.             0.5843    0.5588
  weight sum               700       300
  precision                  1         1

job
  A173                   445.0     187.0
  A172                   145.0      57.0
  A174                    98.0      52.0
  A171                    16.0       8.0
  [total]                704.0     304.0

people
  mean                  1.1557    1.1533
  std. dev.             0.3626    0.3603
  weight sum               700       300
  precision                  1         1

tel
  A192                   292.0     114.0
  A191                   410.0     188.0
  [total]                702.0     302.0

foreign
  A201                   668.0     297.0
  A202                    34.0       5.0
  [total]                702.0     302.0



Weight: 1.22

Naive Bayes Classifier

                                 Class
Attribute                            1                  2
                                (0.59)             (0.41)
==========================================================
checking
  A11                151.29315516771203 162.61030815380425
  A12                 158.2129806381239  135.4536860285426
  A14                249.56831197164078  86.42405235887631
  A13                 35.82637942005266 28.611126261248945
  [total]             594.9008271975334  413.0991728024727

checking_duration
  mean                          22.1933            21.4733
  std. dev.                     13.2672            11.3498
  weight sum                   590.9008           409.0992
  precision                       2.125              2.125

cr_history
  A34                178.47250249977336  87.46941187164789
  A32                305.89273702390904 241.80765384965042
  A33                  59.9491864375965   37.6784837742023
  A30                26.168166530315393 24.918280156349386
  A31                25.418234705935788 22.225343150622635
  [total]             595.9008271975334  414.0991728024727

purpose
  A43                 160.7354785928556  99.87737478411034
  A46                 31.49722752477043 24.520589037360207
  A42                110.02417962003432  83.37887464775916
  A40                122.72757022088877 122.00036360330851
  A41                 70.60730842650656  18.19161894373236
  A49                 64.98281974365958  41.56449413689659
  A44                  9.27197527497499  6.681301699845461
  A45                11.612671575311317 15.453231524406851
  A410               13.260249068266504  4.238341968911913
  A48                 6.181347150259059  3.192982456140348
  [total]             600.9008271975335  419.0991728024727

cr_amount
  mean                        3685.2966          3135.0656
  std. dev.                    3042.859          2828.0765
  weight sum                   590.9008           409.0992
  precision                     19.7543            19.7543

savings
  A65                128.15889464594102  57.26761203526946
  A61                 340.6282156167645  282.1676211253529
  A63                 37.76938460139981 22.032178892827897
  A64                28.202072538860055 11.067266612126156
  A62                 61.14225979456404   41.5644941368966
  [total]             595.9008271975334  414.0991728024727

emp_status
  A75                140.40778111080803   88.8101990728114
  A73                190.28961003545206 159.53104263248784
  A74                114.70557222070698  50.98409235524037
  A71                49.438778292882404 29.804199618216487
  A72                101.05908553767821  84.96963912371588
  [total]             595.9008271975334  414.0991728024727

install_rate
  mean                           2.8654             3.0875
  std. dev.                      1.1317             1.0832
  weight sum                   590.9008           409.0992
  precision                           1                  1

marital_status
  A93                335.53776929370275 194.45968548313814
  A92                182.17671120807256 144.22561585310407
  A91                28.156622125261297 26.315880374511373
  A94                 49.02972457049351  48.09799109171888
  [total]             594.9008271975334  413.0991728024727

debtor
  A101                535.8945550404558  371.8753749659125
  A103                32.83801472593395  15.20325424961365
  A102                25.16825743114259  25.02054358694661
  [total]             593.9008271975334  412.0991728024727

residence
  mean                           2.8114             2.7626
  std. dev.                      1.1361             1.0857
  weight sum                   590.9008           409.0992
  precision                           1                  1

property
  A121                160.2355240432692 114.03517862012518
  A122                139.2715207708389  99.52513407871992
  A124               100.61594400509024 59.846923006999276
  A123               194.77783837833007 139.69193709662736
  [total]             594.9008271975334  413.0991728024727

age
  mean                          35.4784            34.0855
  std. dev.                     11.2441            11.1734
  weight sum                   590.9008           409.0992
  precision                      1.0769             1.0769

other_install
  A143                477.3885101354466  312.9716389419148
  A141                86.56040359967261  73.45932187982899
  A142               29.951913462412463  25.66821198072899
  [total]             593.9008271975334  412.0991728024727

housing
  A152                413.4056903917866 285.26961185346806
  A153                81.08362876102159  41.85992182528855
  A151                99.41150804472304  84.96963912371588
  [total]             593.9008271975334  412.0991728024727

existing_cr
  mean                           1.3883             1.3932
  std. dev.                      0.5679             0.5805
  weight sum                   590.9008           409.0992
  precision                           1                  1

job
  A173                364.2851558949218 263.63521498045696
  A172               108.17207526588471  86.71948004726828
  A174                105.5473138805561  55.66548495591302
  A171               16.896282156167597  7.078992818834642
  [total]             594.9008271975334  413.0991728024727

people
  mean                           1.1561             1.1559
  std. dev.                      0.3629             0.3628
  weight sum                   590.9008           409.0992
  precision                           1                  1

tel
  A192                254.3746932097096 139.08971911644377
  A191                338.5261339878221 272.00945368602896
  [total]             592.9008271975334  411.0991728024727

foreign
  A201                570.5277702027141 404.41787110262726
  A202               22.373056994818615  6.681301699845461
  [total]             592.9008271975334  411.0991728024727



Weight: 0.64

Naive Bayes Classifier

                                 Class
Attribute                            1                  2
                                (0.57)             (0.43)
==========================================================
checking
  A11                  174.290291043977  151.6740387757087
  A12                159.07318766294884 140.50581424012415
  A14                 202.7575742085533 111.24434486893296
  A13                 40.36196569272569 28.092783507039467
  [total]             576.4830186081998 431.51698139180553

checking_duration
  mean                          21.1411             22.742
  std. dev.                     12.4526            12.4227
  weight sum                    572.483            427.517
  precision                       2.125              2.125

cr_history
  A34                150.42634249075454   97.4540392174194
  A32                 318.3423865184832 235.67532355354734
  A33                53.279754570048894  48.47431663999302
  A30                30.566046541913845  28.20983404842508
  A31                 24.86848848700346  22.70346793242042
  [total]             577.4830186081998  432.5169813918056

purpose
  A43                156.04533461220194  97.46358524654934
  A46                 28.17764205036929  29.58080321763026
  A42                120.20361769253716  85.48304219049025
  A40                120.09600292393073 116.40193415689617
  A41                 54.14202435892995 25.909450115245658
  A49                 64.81023405846604 53.045598644741006
  A44                 9.262473823685628  5.781376909415792
  A45                 13.09793921968428 15.484817831886556
  A410               10.360144349214083  5.692130391834112
  A48                6.2876055191838915 2.6742426871161427
  [total]             582.4830186081996 437.51698139180553

cr_amount
  mean                        3399.9108          3595.3929
  std. dev.                   2853.5832          3128.8161
  weight sum                    572.483            427.517
  precision                     19.7543            19.7543

savings
  A65                104.63820650141635   68.5547471054659
  A61                 358.4917196623666  283.0550699509162
  A63                 33.06740380901774  23.95797668879132
  A64                25.319234158701843 13.639567544657368
  A62                 55.96645447670124  43.30962010197481
  [total]             577.4830186081998  432.5169813918056

emp_status
  A75                120.47773211895404 103.63384369760469
  A73                202.62139161955795 159.74455057986233
  A74                 96.58700783950113   56.9579572768186
  A71                 39.92800697889579 34.673874830798276
  A72                117.86888005129444  77.50675500672135
  [total]             577.4830186081998  432.5169813918056

install_rate
  mean                           2.8912              3.004
  std. dev.                      1.1213              1.115
  weight sum                    572.483            427.517
  precision                           1                  1

marital_status
  A93                296.22846732601295  218.8279000736548
  A92                192.02689885915532 145.83974799260153
  A91                30.682161332508496  25.55380026048624
  A94                  57.5454910905277  41.29553306506288
  [total]             576.4830186081998 431.51698139180553

debtor
  A101                516.7205373065073 391.27345437363516
  A103                34.08483913135711  17.68512784532384
  A102                24.67764217033737 21.558399172846674
  [total]             575.4830186081998  430.5169813918056

residence
  mean                           2.7423             2.8067
  std. dev.                      1.1567             1.0892
  weight sum                    572.483            427.517
  precision                           1                  1

property
  A121               163.65493316677234 108.17117245906583
  A122                143.5919112079227 105.15480149326723
  A124                80.50268798699271  75.09594962383994
  A123                188.7334862465165 143.09505781563232
  [total]             576.4830186081998 431.51698139180553

age
  mean                           34.411            34.9231
  std. dev.                     11.0185            11.4763
  weight sum                    572.483            427.517
  precision                      1.0769             1.0769

other_install
  A143                456.2036513064445 323.99604826385814
  A141                89.00242490848481   79.5144026157247
  A142               30.276942393273483  27.00653051222279
  [total]             575.4830186081998  430.5169813918056

housing
  A152                400.8987681029389 297.86198543032873
  A153                65.59065078931056 54.704280333205205
  A151               108.99359971595317   77.9507156282715
  [total]             575.4830186081998  430.5169813918056

existing_cr
  mean                           1.3574             1.4214
  std. dev.                      0.5509             0.5875
  weight sum                    572.483            427.517
  precision                           1                  1

job
  A173                360.0560790421759  268.2599490446588
  A172               115.30024527296554  80.68862075509246
  A174                87.99060351961387   74.9801804554849
  A171               13.136090773448096  7.588231136569487
  [total]             576.4830186081998 431.51698139180553

people
  mean                           1.1411             1.1661
  std. dev.                      0.3482             0.3722
  weight sum                    572.483            427.517
  precision                           1                  1

tel
  A192               220.50135896951016 169.48322611865063
  A191                 353.981659638695 260.03375527315495
  [total]             574.4830186081998  429.5169813918056

foreign
  A201                554.9458554254993  421.7884087738365
  A202                19.53716318270127  7.728572617969027
  [total]             574.4830186081998  429.5169813918056



Weight: 0.38

Naive Bayes Classifier

                                 Class
Attribute                            1                  2
                                (0.53)             (0.47)
==========================================================
checking
  A11                164.21507093073518 167.69725574871117
  A12                153.91454512075097 146.85064753515812
  A14                180.10959970045084  128.0718079163016
  A13                35.432998021003726 31.708075026893148
  [total]             533.6722137729438 474.32778622706354

checking_duration
  mean                          21.9264             22.293
  std. dev.                     12.9468            12.1096
  weight sum                   529.6722           470.3278
  precision                       2.125              2.125

cr_history
  A34                137.39069950111653 106.50597698844297
  A32                284.17282793612145 270.15897309790194
  A33                57.348851057380415  48.92930730240211
  A30                 31.93272774431205 26.757226313862496
  A31                23.827107534010583   22.9763025244543
  [total]             534.6722137729438 475.32778622706354

purpose
  A43                135.60871829900012 116.87844637821627
  A46                30.581678342547455 28.959396833507824
  A42                107.33948680812769  99.28780194396067
  A40                115.84852950026844 124.14018921832348
  A41                 49.75921290679469  28.39372653306572
  A49                 61.95287795395383  53.92319063537547
  A44                7.9521573845786495 6.8918507470383386
  A45                13.687318463745113 13.842076655627546
  A410                11.49317121322846   4.94802206325714
  A48                 5.449062900696188  3.063085218691532
  [total]             539.6722137729438  480.3277862270636

cr_amount
  mean                        3625.4264          3455.9704
  std. dev.                   3047.4146          2934.2645
  weight sum                   529.6722           470.3278
  precision                     19.7543            19.7543

savings
  A65                100.37681614380185  80.73498859731643
  A61                329.27884585382157 305.91437914924217
  A63                29.677167442554232 28.556420343185135
  A64                21.655788036268724 13.070231874723357
  A62                 53.68359629649515 47.051766262596836
  [total]             534.6722137729438 475.32778622706354

emp_status
  A75                115.47250176163617 102.36616756322098
  A73                 184.4621605918772    182.20117143363
  A74                  87.6293161588409  66.15266535815304
  A71                 43.32636540304294  35.14100453647128
  A72                103.78186985754317  89.46677733558863
  [total]             534.6722137729438 475.32778622706354

install_rate
  mean                           2.8806             2.9861
  std. dev.                      1.1223             1.1146
  weight sum                   529.6722           470.3278
  precision                           1                  1

marital_status
  A93                 282.6842002282846 232.30221361054367
  A92                172.61824086673408 163.95139166305248
  A91                 28.38399486771172  28.92198285586694
  A94                 49.98577781021103  49.15219809760076
  [total]             533.6722137729438 474.32778622706354

debtor
  A101                479.5133004135958  428.6956869947392
  A103               28.838031755731553 21.366990445294306
  A102               24.320881603616115 23.265108787030005
  [total]             532.6722137729438  473.3277862270636

residence
  mean                            2.786             2.7547
  std. dev.                      1.1543             1.0943
  weight sum                   529.6722           470.3278
  precision                           1                  1

property
  A121                140.7347832942359 126.81294521702105
  A122                129.0138682629229   120.615566957654
  A124                88.03203258985043  68.47859188947362
  A123               175.89152962593096 158.42068216291545
  [total]             533.6722137729438 474.32778622706354

age
  mean                          34.9062            34.3299
  std. dev.                     11.2719             11.267
  weight sum                   529.6722           470.3278
  precision                      1.0769             1.0769

other_install
  A143                 416.040225294801  360.8789800349549
  A141                89.03031091043722  85.32075662075633
  A142                27.60167756770504 27.128049571352484
  [total]             532.6722137729438  473.3277862270636

housing
  A152               360.23406938891134  333.4753987443433
  A153                74.83048777346016  50.10638444789935
  A151                97.60765661057098   89.7460030348212
  [total]             532.6722137729438  473.3277862270636

existing_cr
  mean                           1.3786             1.3991
  std. dev.                      0.5712             0.5704
  weight sum                   529.6722           470.3278
  precision                           1                  1

job
  A173                327.3310989872225 301.70110090281054
  A172               101.35720346119417  89.81263077503309
  A174                91.88396559714202   75.4976075243578
  A171               13.099945727383387  7.316447024862401
  [total]             533.6722137729438 474.32778622706354

people
  mean                           1.1493             1.1457
  std. dev.                      0.3564             0.3528
  weight sum                   529.6722           470.3278
  precision                           1                  1

tel
  A192               217.41272675199676 179.85941384685628
  A191               314.25948702094513 292.46837238020737
  [total]             531.6722137729438  472.3277862270636

foreign
  A201                515.0747935983317  463.4032748909199
  A202                16.59742017461181  8.924511336143677
  [total]             531.6722137729438  472.3277862270636



Weight: 0.22

Naive Bayes Classifier

                                 Class
Attribute                            1                  2
                                (0.53)             (0.47)
==========================================================
checking
  A11                170.48140449197192  163.1219443685525
  A12                155.05737162332824 147.23573313321307
  A14                170.01155802469475  134.4840570256241
  A13                36.194136528367345  31.41379480425683
  [total]             531.7444706683634  476.2555293316482

checking_duration
  mean                          21.5378            22.5487
  std. dev.                     12.6076            12.3839
  weight sum                   527.7445           472.2555
  precision                       2.125              2.125

cr_history
  A34                130.51343214613075 108.01252462165094
  A32                291.80954825908964 265.15606827273035
  A33                55.941168532107454  51.62780557941392
  A30                31.466832092817338  28.56666919020446
  A31                23.013489638217337 23.892461667646838
  [total]             532.7444706683633  477.2555293316482

purpose
  A43                 136.0537079470899 115.96828885785045
  A46                 29.76223058497565 30.182918817208353
  A42                112.03268408787903  96.27552916132636
  A40                116.68380102438351 122.10748047239126
  A41                45.034185005848805 31.686499304412713
  A49                60.836166213249705   57.0503185045107
  A44                 8.030336419975068  6.320898971808076
  A45                  13.6456788043537 13.929942586169592
  A410               10.476326933016605  5.422581066205449
  A48                 5.189353647590477  3.311071589763613
  [total]             537.7444706683631 482.25552933164823

cr_amount
  mean                        3502.1485          3594.3753
  std. dev.                   2960.0441          3029.4904
  weight sum                   527.7445           472.2555
  precision                     19.7543            19.7543

savings
  A65                 94.07694620182795  82.18956823189811
  A61                 335.9958609560794  305.5838406382262
  A63                29.263227441367217 27.929055521135115
  A64                20.472131085525444 14.082964674219038
  A62                 52.93630498356313  47.47010026616854
  [total]             532.7444706683633  477.2555293316482

emp_status
  A75                111.38769454862562 105.31243347174323
  A73                191.68277162280634 177.34408352367214
  A74                 82.72978498221546  69.21475801737336
  A71                  40.2530765867697   36.9271432605969
  A72                 106.6911429279452  88.45711105826082
  [total]             532.7444706683633  477.2555293316482

install_rate
  mean                           2.8977             2.9589
  std. dev.                      1.1205             1.1235
  weight sum                   527.7445           472.2555
  precision                           1                  1

marital_status
  A93                272.01800173928405 241.28515600076943
  A92                 178.1836920925466  161.5434902413342
  A91                  28.9546673771639 27.739807874663292
  A94                 52.58810945936777  45.68707521487937
  [total]             531.7444706683634  476.2555293316482

debtor
  A101                477.5261774179043  430.6645823964415
  A103               29.800835912969777  22.44564784189921
  A102               23.417457337490035  22.14529909330697
  [total]             530.7444706683635  475.2555293316481

residence
  mean                           2.7603             2.7801
  std. dev.                      1.1581             1.1004
  weight sum                   527.7445           472.2555
  precision                           1                  1

property
  A121               142.49403489539358 121.53023889410399
  A122               132.08100571622145 121.43612404471844
  A124                80.26894311661957  75.08266066144333
  A123                176.9004869401277 158.20650573138087
  [total]             531.7444706683634  476.2555293316482

age
  mean                          34.5236            34.6696
  std. dev.                     11.1542            11.3999
  weight sum                   527.7445           472.2555
  precision                      1.0769             1.0769

other_install
  A143               413.75532330121774 362.57512830022245
  A141                88.50057968500248  85.79663297993739
  A142               28.488567682143543 26.883768051487568
  [total]             530.7444706683635  475.2555293316481

housing
  A152               361.36154710648117  331.1979366892171
  A153                 68.2563710622256  55.78644405650363
  A151               101.12655249965637  88.27114858592641
  [total]             530.7444706683635  475.2555293316481

existing_cr
  mean                           1.3679             1.4102
  std. dev.                      0.5643             0.5747
  weight sum                   527.7445           472.2555
  precision                           1                  1

job
  A173                330.9817905644332  298.9346917198228
  A172               102.27258380597276   87.2752871979873
  A174                  86.562699874663  81.96985565573813
  A171               11.927396423293827  8.075694758098606
  [total]             531.7444706683634  476.2555293316482

people
  mean                           1.1445             1.1512
  std. dev.                      0.3515             0.3582
  weight sum                   527.7445           472.2555
  precision                           1                  1

tel
  A192               208.23359150955045 187.26692481055161
  A191                321.5108791588121 286.98860452109494
  [total]             529.7444706683636  474.2555293316481

foreign
  A201                514.4870950523041 464.82638851934274
  A202               15.257375616060203  9.429140812305253
  [total]             529.7444706683636  474.2555293316481



Weight: 0.27

Naive Bayes Classifier

                                 Class
Attribute                            1                  2
                                (0.51)             (0.49)
==========================================================
checking
  A11                165.64729275260706  169.2681893078429
  A12                153.37606130235244 151.62591002331223
  A14                157.36976588379125 143.83108836074476
  A13                 33.20324830910828  33.67844406025431
  [total]            509.59636824786065  498.4036317521532

checking_duration
  mean                          22.1338            22.2429
  std. dev.                     12.9359            12.2824
  weight sum                   505.5964           494.4036
  precision                       2.125              2.125

cr_history
  A34                124.42312647777266 113.41547628750963
  A32                270.06208726124515 281.58699749014147
  A33                 59.21289623645933  52.51941590310949
  A30                 32.58219506335749 28.117880455445246
  A31                24.316063209025092 23.763861615948688
  [total]            510.59636824786065  499.4036317521532

purpose
  A43                125.23571626069304 127.04520048806597
  A46                30.440687598599713  30.84910871480698
  A42                103.45109240050662 105.33089977355469
  A40                117.95156164337278 118.06481073183578
  A41                41.025102495274034 35.193900231232334
  A49                 61.63868525331361  57.42723127561233
  A44                 7.205479611291503  7.136600035834773
  A45                14.081505746118678 13.829325963645205
  A410                9.868712968038857  5.861192523421091
  A48                  4.69782427064914   3.66536201414494
  [total]             515.5963682478607  504.4036317521533

cr_amount
  mean                        3659.4621          3534.9404
  std. dev.                   3099.6506          2959.0747
  weight sum                   505.5964           494.4036
  precision                     19.7543            19.7543

savings
  A65                 93.13345637571756  85.22868147326578
  A61                 318.3197127617308 320.39775451144806
  A63                28.404409316720294 29.108933075164618
  A64                 18.37221746014356 14.317919605533605
  A62                52.366572333547154  50.35034308674206
  [total]            510.59636824786065  499.4036317521532

emp_status
  A75                108.57973051706887 104.71370450117288
  A73                183.60707659328767  184.2379106809719
  A74                 80.43866378706394   74.4046840001326
  A71                 40.32559295698494   38.1879885871572
  A72                 97.64530439345316  97.85934398271972
  [total]            510.59636824786065  499.4036317521532

install_rate
  mean                           2.8949             2.9326
  std. dev.                      1.1225             1.1292
  weight sum                   505.5964           494.4036
  precision                           1                  1

marital_status
  A93                266.00218799400477 246.58768431732895
  A92                167.17910782954544 171.76744073912565
  A91                27.851572274025084 29.458495073550804
  A94                 48.56350015028499 50.590011622149085
  [total]            509.59636824786065  498.4036317521532

debtor
  A101               458.52950205876294 449.46308695092574
  A103               26.421685303463757 25.127384023891704
  A102               23.645180885633955  22.81316077733606
  [total]            508.59636824786065  497.4036317521532

residence
  mean                           2.7807             2.7552
  std. dev.                       1.151             1.1106
  weight sum                   505.5964           494.4036
  precision                           1                  1

property
  A121                129.9974187656937 130.66433032617928
  A122               125.25712591923401 126.96552525143697
  A124                79.71589682611689  74.70046455795058
  A123               174.62592673681368 166.07331161658735
  [total]            509.59636824786065  498.4036317521532

age
  mean                          34.8772            34.2826
  std. dev.                     11.3597            11.1559
  weight sum                   505.5964           494.4036
  precision                      1.0769             1.0769

other_install
  A143                 390.773628904487 382.97256927825237
  A141                89.00669222044264  86.18146644940204
  A142               28.816047122930918 28.249596024499276
  [total]            508.59636824786065  497.4036317521532

housing
  A152                345.6233509833495  345.9696790822432
  A153                68.50682752433381  57.06232770459414
  A151                94.46618974017693   94.3716249653166
  [total]            508.59636824786065  497.4036317521532

existing_cr
  mean                           1.3855             1.3908
  std. dev.                      0.5794             0.5591
  weight sum                   505.5964           494.4036
  precision                           1                  1

job
  A173               314.69362005536783 316.23185843346687
  A172                94.99001170720679  91.82544950148795
  A174                  88.465372124372   82.3619408106919
  A171               11.447364360913397  7.984383006507555
  [total]            509.59636824786065  498.4036317521532

people
  mean                           1.1481             1.1478
  std. dev.                      0.3552             0.3549
  weight sum                   505.5964           494.4036
  precision                           1                  1

tel
  A192               207.36325533518175 192.64451657098178
  A191                 300.233112912679 303.75911518117283
  [total]            507.59636824786065  496.4036317521532

foreign
  A201                494.0117850343731 485.68229216556983
  A202               13.584583213487228   10.7213395865834
  [total]            507.59636824786065  496.4036317521532



Weight: 0.14

Naive Bayes Classifier

                                 Class
Attribute                            1                  2
                                (0.51)             (0.49)
==========================================================
checking
  A11                169.54902354799262 167.50720411683142
  A12                154.83902354856448 149.61165269037318
  A14                155.68224405475982 142.27385739001278
  A13                 34.94261091291165   33.5943837385655
  [total]             515.0129020642287  492.9870979357822

checking_duration
  mean                          21.8196            22.4521
  std. dev.                      12.678            12.4528
  weight sum                   511.0129           488.9871
  precision                       2.125              2.125

cr_history
  A34                 122.0078514096999 114.05316590694221
  A32                 280.1218687299903  273.0526795706621
  A33                 57.25294632221833 53.327068102839974
  A30                32.813412898570014 29.447846577272145
  A31                23.816822703749775   24.1063377780662
  [total]             516.0129020642287  493.9870979357822

purpose
  A43                129.02258469560712 123.12130270241404
  A46                30.240665413154943 30.506005061376612
  A42                108.30742431247549 102.16328929994876
  A40                 117.6506749808198 116.56076423416799
  A41                  38.7760527903499  36.80879073612289
  A49                 61.44458355415595 59.096142878347514
  A44                  7.46196106804269  6.908717872887984
  A45                14.216543582861679  14.10863890666359
  A410                9.299474688587965  6.219160471832197
  A48                 4.592936978173096  3.494285772021261
  [total]             521.0129020642285  498.9870979357822

cr_amount
  mean                        3557.9564          3635.7823
  std. dev.                   3025.9181          3031.2605
  weight sum                   511.0129           488.9871
  precision                     19.7543            19.7543

savings
  A65                 90.38465400210201  85.45058481281174
  A61                 325.9793603728675 316.68707883969137
  A63                28.824916995534426  27.41236489560469
  A64                18.018404919626587 15.211158511380315
  A62                 52.80556577409724  49.22591087629443
  [total]             516.0129020642287  493.9870979357822

emp_status
  A75                107.21221078101878  106.6391287502733
  A73                 189.4719871446864 179.86055018237857
  A74                 79.26789439624704  72.86334216531202
  A71                  38.5788783141025 39.510795134845424
  A72                101.48193142817391  95.11328170297355
  [total]             516.0129020642287  493.9870979357822

install_rate
  mean                           2.9052             2.9145
  std. dev.                      1.1208             1.1332
  weight sum                   511.0129           488.9871
  precision                           1                  1

marital_status
  A93                 262.5390869640477  248.4424802862908
  A92                172.63822558875395  167.5166006510102
  A91                28.710698905627986 28.848467680078176
  A94                 51.12489060579914  48.17954931840363
  [total]             515.0129020642287  492.9870979357822

debtor
  A101                463.2173574214311 445.01410597474086
  A103                27.68182884645257 24.687745470579173
  A102               23.113715796345268 22.285246490462225
  [total]             514.0129020642287  491.9870979357822

residence
  mean                           2.7624             2.7716
  std. dev.                      1.1536             1.1149
  weight sum                   511.0129           488.9871
  precision                           1                  1

property
  A121               133.52993434608123 125.08821993231447
  A122               128.41752460518796 124.88242642729479
  A124                 75.9586961879575  78.72049157776452
  A123                177.1067469250018   164.295959998409
  [total]             515.0129020642287  492.9870979357822

age
  mean                          34.5414            34.6429
  std. dev.                      11.227            11.3332
  weight sum                   511.0129           488.9871
  precision                      1.0769             1.0769

other_install
  A143               396.00083100603166 378.67800109621555
  A141                 88.6526633317065  84.90951423061831
  A142                29.35940772649045 28.399582608948553
  [total]             514.0129020642287  491.9870979357822

housing
  A152               351.85705608568975 337.95162541564594
  A153                 64.9376542115665  60.82547918347942
  A151                97.21819176697234   93.2099933366572
  [total]             514.0129020642287  491.9870979357822

existing_cr
  mean                           1.3757             1.4027
  std. dev.                       0.571             0.5661
  weight sum                   511.0129           488.9871
  precision                           1                  1

job
  A173                321.3737507120943 310.35519857328615
  A172                97.11023446018639  87.97372058998926
  A174                85.75211653902889  86.26797189550713
  A171               10.776800352918679  8.390206876999766
  [total]             515.0129020642287  492.9870979357822

people
  mean                            1.143             1.1499
  std. dev.                      0.3501              0.357
  weight sum                   511.0129           488.9871
  precision                           1                  1

tel
  A192                203.9750868283254 198.20660063320514
  A191               309.03781523590266  292.7804973025774
  [total]             513.0129020642288  490.9870979357822

foreign
  A201                499.8635416790297 480.54322610092964
  A202               13.149360385198836 10.443871834852418
  [total]             513.0129020642288  490.9870979357822



Weight: 0.09

Naive Bayes Classifier

                                 Class
Attribute                            1                  2
                                 (0.5)              (0.5)
==========================================================
checking
  A11                168.81647520526025 168.04003135647207
  A12                 153.1292481563954 151.54386555382618
  A14                151.99450538332093 145.61179741641385
  A13                 34.31258058585963 34.551496342458805
  [total]            508.25280933083855 499.74719066917214

checking_duration
  mean                          22.0212            22.3054
  std. dev.                     12.7541            12.3975
  weight sum                   504.2528           495.7472
  precision                       2.125              2.125

cr_history
  A34                121.00743817044837  115.1147822378575
  A32                275.23384512948155 277.77691718383784
  A33                 57.31275021463832  53.88839427226909
  A30                 31.93219506766886 30.138334218777235
  A31                 23.76658074859886  23.82876275642936
  [total]             509.2528093308386 500.74719066917214

purpose
  A43                125.54209007371554 126.54498000052354
  A46                 31.22641054276063 30.676555263085508
  A42                105.74821650936038 104.12885407103397
  A40                117.52319135782555  117.5317701679005
  A41                39.000147228403165  35.79600427853095
  A49                60.587948548138115  59.44278750478382
  A44                  7.17117371794238  7.200906226725298
  A45                14.096376558350146  14.40962501935687
  A410                8.925999480906142  6.398078981855159
  A48                 4.431255313433999 3.6176291553753397
  [total]             514.2528093308385 505.74719066917214

cr_amount
  mean                        3605.4473          3586.9558
  std. dev.                    3051.467          3001.5389
  weight sum                   504.2528           495.7472
  precision                     19.7543            19.7543

savings
  A65                 90.71875549946874   86.5756629347924
  A61                 321.3930500372777  320.4977826823365
  A63                28.049401387034372 28.209833168357715
  A64                17.311206520145124  15.09188503104933
  A62                 51.78039588691034  50.37202685263547
  [total]             509.2528093308386 500.74719066917214

emp_status
  A75                107.59701078636186 105.05078942115735
  A73                185.54608682099604 184.44767494522475
  A74                 77.61482624908625  75.18529837706997
  A71                 39.23319940791804  38.25240628674207
  A72                 99.26168606647407  97.81102163897678
  [total]             509.2528093308386 500.74719066917214

install_rate
  mean                           2.9063             2.9134
  std. dev.                      1.1216             1.1328
  weight sum                   504.2528           495.7472
  precision                           1                  1

marital_status
  A93                261.43117051946854  250.3521703489901
  A92                169.43323130322395 170.19092787136273
  A91                28.234876120585366 28.971560559122256
  A94                 49.15353138755822  50.23253188969586
  [total]            508.25280933083855 499.74719066917214

debtor
  A101                457.4996306066308  450.2320016710576
  A103                26.71437982116672 25.829799795868105
  A102                23.03879890304029  22.68538920224607
  [total]            507.25280933083855 498.74719066917214

residence
  mean                           2.7758             2.7612
  std. dev.                       1.151             1.1146
  weight sum                   504.2528           495.7472
  precision                           1                  1

property
  A121               129.01966610054762  129.1310418417307
  A122               127.88622421875078 126.69380799320729
  A124                78.06573936394157  76.51903382823242
  A123                173.2811796475961 167.40330700600055
  [total]            508.25280933083855 499.74719066917214

age
  mean                          34.6734            34.4535
  std. dev.                     11.3087            11.2296
  weight sum                   504.2528           495.7472
  precision                      1.0769             1.0769

other_install
  A143                390.2113049045084  383.2348643990649
  A141                88.18137600580758  86.91941210531283
  A142                28.86012842052107  28.59291416479365
  [total]            507.25280933083855 498.74719066917214

housing
  A152               344.01216852597327  344.4647873079823
  A153                 66.9606118706035 59.100004388915686
  A151                96.28002893426009  95.18239897227318
  [total]            507.25280933083855 498.74719066917214

existing_cr
  mean                            1.379             1.3992
  std. dev.                       0.574             0.5641
  weight sum                   504.2528           495.7472
  precision                           1                  1

job
  A173                316.5177622224046 315.71771505052243
  A172                93.70391203826644  91.14809843494628
  A174                 87.5043625388716  84.43550779442785
  A171               10.526772531293172   8.44586938927469
  [total]            508.25280933083855 499.74719066917214

people
  mean                           1.1462             1.1478
  std. dev.                      0.3533             0.3549
  weight sum                   504.2528           495.7472
  precision                           1                  1

tel
  A192               204.97286727589912 197.41855115305145
  A191                301.2799420549371  300.3286395161196
  [total]            506.25280933083855 497.74719066917214

foreign
  A201                493.6501684746837 486.98781093150126
  A202               12.602640856154112 10.759379737670784
  [total]            506.25280933083855 497.74719066917214



Weight: 0.08

Naive Bayes Classifier

                                 Class
Attribute                            1                  2
                                (0.51)             (0.49)
==========================================================
checking
  A11                170.39226122039236 167.30288512263695
  A12                 154.5159760676829 150.78026281759227
  A14                151.39735097672025 143.92659712082846
  A13                35.154601635809755  34.53006503834617
  [total]            511.46018990060213   496.539810099404

checking_duration
  mean                          21.8777             22.354
  std. dev.                     12.6177            12.4892
  weight sum                   507.4602           492.5398
  precision                       2.125              2.125

cr_history
  A34                 120.2002110936294 114.96779747880156
  A32                 279.5971860060643  274.0791586962602
  A33                 57.01923598483261  54.03104098085305
  A30                 32.08642874275312  30.31249255514228
  A31                23.557128073325405 24.149320388346776
  [total]             512.4601899006021   497.539810099404

purpose
  A43                127.61249550179251 123.55456758792764
  A46                31.010815756138737 31.128158759037635
  A42                107.71874553707197 102.41935107457532
  A40                117.83210258271389 116.52761087593488
  A41                 37.77429161953431  36.72973139767039
  A49                 61.06196974096291  60.17583779777066
  A44                 7.345828733505599  7.072473967493645
  A45                14.178871513089293 14.586215686241971
  A410                8.624385656876502  6.620417637393801
  A48                 4.300683258918984 3.7254453153576614
  [total]             517.4601899006021 502.53981009940395

cr_amount
  mean                        3557.2667          3628.3681
  std. dev.                   3011.9583          3043.1246
  weight sum                   507.4602           492.5398
  precision                     19.7543            19.7543

savings
  A65                   89.369420457044  86.37230433720374
  A61                 326.0646573038777  318.2258196652091
  A63                28.278274126360373 27.293122779452084
  A64                16.946598434666907 15.672308322805588
  A62                51.801239578655185  49.97625499473326
  [total]             512.4601899006021   497.539810099404

emp_status
  A75                106.51787749137873 106.53812518275603
  A73                 189.6041200292327 182.14884873806403
  A74                 77.07536444782664  74.29146388339021
  A71                  38.2792335278238  39.03218136521968
  A72                100.98359440434284  95.52919092997382
  [total]             512.4601899006021   497.539810099404

install_rate
  mean                            2.908             2.9085
  std. dev.                      1.1218             1.1336
  weight sum                   507.4602           492.5398
  precision                           1                  1

marital_status
  A93                 258.9841755179256 251.90790606769679
  A92                173.15479655691746 167.03340862568973
  A91                28.772486554954593  28.67698649049972
  A94                50.548731270807394 48.921508915517805
  [total]            511.46018990060213   496.539810099404

debtor
  A101                460.3252898340559  447.2854493663502
  A103               27.392716357229713  25.86363172883256
  A102               22.742183709317178 22.390729004221246
  [total]            510.46018990060213   495.539810099404

residence
  mean                           2.7637             2.7733
  std. dev.                      1.1513             1.1164
  weight sum                   507.4602           492.5398
  precision                           1                  1

property
  A121               131.12452628806506 125.96463074229219
  A122               130.18631381699637 125.65259169999504
  A124                75.41362447297585  78.87940246644945
  A123               174.73572532256784 166.04318519066706
  [total]            511.46018990060213   496.539810099404

age
  mean                          34.4943            34.6738
  std. dev.                     11.2243            11.3345
  weight sum                   507.4602           492.5398
  precision                      1.0769             1.0769

other_install
  A143                393.0502909320399  380.9995846345338
  A141                87.99266165389415   85.9740239109228
  A142                29.41723731466938 28.566201553947216
  [total]            510.46018990060213   495.539810099404

housing
  A152                 347.656689623664   339.786976500014
  A153                64.45056472392453  61.41897886962016
  A151                98.35293555301524  94.33385472976966
  [total]            510.46018990060213   495.539810099404

existing_cr
  mean                           1.3763             1.4019
  std. dev.                      0.5704             0.5671
  weight sum                   507.4602           492.5398
  precision                           1                  1

job
  A173                320.8005790343243 311.37758931530453
  A172                94.53977907153008  89.72083358063962
  A174                85.95558846885783   86.6888337892025
  A171               10.164243325891892  8.752553414256987
  [total]            511.46018990060213   496.539810099404

people
  mean                           1.1439             1.1489
  std. dev.                       0.351              0.356
  weight sum                   507.4602           492.5398
  precision                           1                  1

tel
  A192               203.09436351497123 199.28090037428962
  A191                306.3658263856331  295.2589097251143
  [total]            509.46018990060213   494.539810099404

foreign
  A201                497.2356386660809  483.5456815645974
  A202               12.224551234521849 10.994128534806492
  [total]            509.46018990060213   494.539810099404



Weight: 0.09

Naive Bayes Classifier

                                 Class
Attribute                            1                  2
                                 (0.5)              (0.5)
==========================================================
checking
  A11                 168.5438097152811 169.49761812289205
  A12                 153.0629335818343 151.63324082774136
  A14                149.67380703550978  146.6275593227016
  A13                 34.27616770855339  34.68486368549107
  [total]             505.5567180411807 502.44328195882576

checking_duration
  mean                          22.1317             22.193
  std. dev.                     12.7529            12.4046
  weight sum                   501.5567           498.4433
  precision                       2.125              2.125

cr_history
  A34                119.83257765713553 115.46132167908736
  A32                 273.6307394522017 279.39374082356204
  A33                57.647097824259724   54.3511056117072
  A30                 31.64548876681176  30.51631627514801
  A31                 23.80081434077045 23.720797569321434
  [total]             506.5567180411807 503.44328195882576

purpose
  A43                124.79480843242621 126.16870789485795
  A46                 31.23531919526544 31.358037062877223
  A42                104.73357557205965 105.36558108766074
  A40                117.60097351803115 117.82431992199815
  A41                38.479380113349386  35.64560664886049
  A49                  60.5573288279072     59.86793162115
  A44                 7.078473446430377  7.351853593981231
  A45                14.449254556151677 14.415826698664237
  A410                8.465981778795687  6.594581062210425
  A48                  4.16162260076202  3.850836366565616
  [total]             511.5567180411807 508.44328195882576

cr_amount
  mean                        3623.9659          3568.9101
  std. dev.                   3061.1892          2995.4145
  weight sum                   501.5567           498.4433
  precision                     19.7543            19.7543

savings
  A65                 89.63027870526716   86.8619044929357
  A61                 321.3069261606965 322.55414905889864
  A63                 27.56960861620955 28.105426403949433
  A64                16.380243900028653 15.111346104765442
  A62                 51.66966065897761 50.810455898276835
  [total]             506.5567180411807 503.44328195882576

emp_status
  A75                 107.2811749934874 104.77424709524341
  A73                185.08374666373584 186.40236544123908
  A74                  76.9619387572323  74.99164292639007
  A71                 39.03257437248272  38.43508200736076
  A72                 98.19728325424032  98.83994448859272
  [total]             506.5567180411807 503.44328195882576

install_rate
  mean                            2.905             2.9094
  std. dev.                      1.1222             1.1333
  weight sum                   501.5567           498.4433
  precision                           1                  1

marital_status
  A93                 259.6044783039859  251.3562108940918
  A92                 168.4310077497616 171.30727626746364
  A91                28.524257622171184  29.16315092379615
  A94                48.996974365259916  50.61664387347461
  [total]             505.5567180411807 502.44328195882576

debtor
  A101               455.12601249645064  451.9540626496666
  A103               26.506329804730928  26.68522751352077
  A102                22.92437573999854 22.803991795638677
  [total]             504.5567180411807 501.44328195882576

residence
  mean                            2.774             2.7631
  std. dev.                      1.1476             1.1163
  weight sum                   501.5567           498.4433
  precision                           1                  1

property
  A121               127.33796238565164 129.30619080583872
  A122               128.12217696354503 127.99939338643925
  A124                77.44917712685779  75.91194003769016
  A123                172.6474015651243 169.22575772885787
  [total]             505.5567180411807 502.44328195882576

age
  mean                          34.6959            34.4505
  std. dev.                     11.3198             11.232
  weight sum                   501.5567           498.4433
  precision                      1.0769             1.0769

other_install
  A143                387.7701843897444 385.56564913666784
  A141                 87.8691676432285  87.21366985613102
  A142               28.917366008206947 28.663962966027164
  [total]             504.5567180411807 501.44328195882576

housing
  A152                 342.333910011887  345.7869879152068
  A153                66.40798521956602  58.97213641101016
  A151                95.81482280972695    96.684157632609
  [total]             504.5567180411807 501.44328195882576

existing_cr
  mean                           1.3825             1.3953
  std. dev.                      0.5755             0.5638
  weight sum                   501.5567           498.4433
  precision                           1                  1

job
  A173               315.72027454931276  316.2417468686419
  A172                92.09512514436479  91.97536557630127
  A174                87.65127679227759  85.48511359260281
  A171               10.090041555224175  8.741055921280255
  [total]             505.5567180411807 502.44328195882576

people
  mean                            1.147             1.1455
  std. dev.                      0.3541             0.3526
  weight sum                   501.5567           498.4433
  precision                           1                  1

tel
  A192               203.75812561086565 198.89356243765354
  A191               299.79859243031405 301.54971952117245
  [total]             503.5567180411807 500.44328195882576

foreign
  A201                491.8050669184673  489.2353966980769
  A202                11.75165112271275 11.207885260748972
  [total]             503.5567180411807 500.44328195882576



Weight: 0.08

Number of performed Iterations: 10


Time taken to build model: 0.13 seconds

=== Stratified cross-validation ===
=== Summary ===

Correctly Classified Instances         754               75.4    %
Incorrectly Classified Instances       246               24.6    %
Kappa statistic                          0.385 
Mean absolute error                      0.3034
Root mean squared error                  0.4258
Relative absolute error                 72.1979 %
Root relative squared error             92.9149 %
Total Number of Instances             1000     

=== Detailed Accuracy By Class ===

                 TP Rate  FP Rate  Precision  Recall   F-Measure  MCC      ROC Area  PRC Area  Class
                 0.860    0.493    0.803      0.860    0.830      0.388    0.756     0.854     1
                 0.507    0.140    0.608      0.507    0.553      0.388    0.756     0.561     2
Weighted Avg.    0.754    0.387    0.744      0.754    0.747      0.388    0.756     0.766     

=== Confusion Matrix ===

   a   b   <-- classified as
 602  98 |   a = 1
 148 152 |   b = 2


